Using pre-set license
Built from '2020.2/release' branch; Version is '2020.2.2f1 (068178b99f32) revision 426360'; Using compiler version '192528614'; Build Type 'Release'
OS: 'Windows 10 Pro; OS build 19042.985; Version 2009; 64bit' Language: 'en' Physical Memory: 32645 MB
BatchMode: 1, IsHumanControllingUs: 0, StartBugReporterOnCrash: 0, Is64bit: 1, IsPro: 0

 COMMAND LINE ARGUMENTS:
C:\Program Files\Unity\Hub\Editor\2020.2.2f1\Editor\Unity.exe
-adb2
-batchMode
-noUpm
-name
AssetImportWorker0
-projectPath
C:/Users/lalal/OneDrive - TAFE NSW/Diploma GIT/Space-Sim-Assessment
-logFile
Logs/AssetImportWorker0.log
-srvPort
51213
Successfully changed project path to: C:/Users/lalal/OneDrive - TAFE NSW/Diploma GIT/Space-Sim-Assessment
C:/Users/lalal/OneDrive - TAFE NSW/Diploma GIT/Space-Sim-Assessment
Using Asset Import Pipeline V2.
Refreshing native plugins compatible for Editor in 40.75 ms, found 0 plugins.
Preloading 0 native plugins for Editor in 0.00 ms.
Initialize engine version: 2020.2.2f1 (068178b99f32)
[Subsystems] Discovering subsystems at path C:/Program Files/Unity/Hub/Editor/2020.2.2f1/Editor/Data/Resources/UnitySubsystems
[Subsystems] Discovering subsystems at path C:/Users/lalal/OneDrive - TAFE NSW/Diploma GIT/Space-Sim-Assessment/Assets
GfxDevice: creating device client; threaded=0
Direct3D:
    Version:  Direct3D 11.0 [level 11.1]
    Renderer: NVIDIA GeForce RTX 2070 with Max-Q Design (ID=0x1f50)
    Vendor:   
    VRAM:     8031 MB
    Driver:   27.21.14.6230
Initialize mono
Mono path[0] = 'C:/Program Files/Unity/Hub/Editor/2020.2.2f1/Editor/Data/Managed'
Mono path[1] = 'C:/Program Files/Unity/Hub/Editor/2020.2.2f1/Editor/Data/MonoBleedingEdge/lib/mono/unityjit'
Mono config path = 'C:/Program Files/Unity/Hub/Editor/2020.2.2f1/Editor/Data/MonoBleedingEdge/etc'
Using monoOptions --debugger-agent=transport=dt_socket,embedding=1,server=y,suspend=n,address=127.0.0.1:56484
Begin MonoManager ReloadAssembly
Registering precompiled unity dll's ...
Register platform support module: C:/Program Files/Unity/Hub/Editor/2020.2.2f1/Editor/Data/PlaybackEngines/WindowsStandaloneSupport/UnityEditor.WindowsStandalone.Extensions.dll
Registered in 0.002441 seconds.
Native extension for WindowsStandalone target not found
Refreshing native plugins compatible for Editor in 48.46 ms, found 0 plugins.
Preloading 0 native plugins for Editor in 0.00 ms.
Invoked RoslynAnalysisRunner static constructor.
RoslynAnalysisRunner will not be running.
RoslynAnalysisRunner has terminated.
Mono: successfully reloaded assembly
- Completed reload, in  2.733 seconds
Platform modules already initialized, skipping
Registering precompiled user dll's ...
Registered in 0.001884 seconds.
Begin MonoManager ReloadAssembly
Native extension for WindowsStandalone target not found
Refreshing native plugins compatible for Editor in 48.22 ms, found 0 plugins.
Preloading 0 native plugins for Editor in 0.00 ms.
Invoked RoslynAnalysisRunner static constructor.
RoslynAnalysisRunner will not be running.
RoslynAnalysisRunner has terminated.
Mono: successfully reloaded assembly
- Completed reload, in  0.997 seconds
Platform modules already initialized, skipping
========================================================================
Worker process is ready to serve import requests
Launched and connected shader compiler UnityShaderCompiler.exe after 0.06 seconds
Refreshing native plugins compatible for Editor in 0.35 ms, found 0 plugins.
Preloading 0 native plugins for Editor in 0.00 ms.
Unloading 1932 Unused Serialized files (Serialized files now loaded: 0)
System memory in use before: 86.2 MB.
System memory in use after: 86.3 MB.

Unloading 11 unused Assets to reduce memory usage. Loaded Objects now: 2381.
Total: 2.246800 ms (FindLiveObjects: 0.225200 ms CreateObjectMapping: 0.082700 ms MarkObjects: 1.850100 ms  DeleteObjects: 0.087600 ms)

========================================================================
Received Import Request.
  path: Assets/Art/#OnePotatoKingdom_FULL/Prefabs/#Planets/Desert/Desert_Design3.prefab
  artifactKey: Guid(db67789fb615e5a459a954de1402122d) Importer(815301076,1909f56bfc062723c751e8b465ee728b)
Start importing Assets/Art/#OnePotatoKingdom_FULL/Prefabs/#Planets/Desert/Desert_Design3.prefab using Guid(db67789fb615e5a459a954de1402122d) Importer(815301076,1909f56bfc062723c751e8b465ee728b)  -> (artifact id: '9deb45dc933a38682e179422c23b149e') in 0.147720 seconds
  Import took 0.151556 seconds .

========================================================================
Received Import Request.
  Time since last request: 0.000404 seconds.
  path: Assets/Art/#OnePotatoKingdom_FULL/Prefabs/#Planets/Desert
  artifactKey: Guid(58d817c9e683f5a469be28550825a5da) Importer(815301076,1909f56bfc062723c751e8b465ee728b)
Start importing Assets/Art/#OnePotatoKingdom_FULL/Prefabs/#Planets/Desert using Guid(58d817c9e683f5a469be28550825a5da) Importer(815301076,1909f56bfc062723c751e8b465ee728b)  -> (artifact id: '65941a4d760ba48af1248feb5c3451e1') in 0.007408 seconds
  Import took 0.009990 seconds .

========================================================================
Received Import Request.
  Time since last request: 0.000244 seconds.
  path: Assets/Art/#OnePotatoKingdom_FULL/Prefabs/#Planets/Desert/Desert_Design4.prefab
  artifactKey: Guid(f8472f4c6d399054381aa6f2692c89ef) Importer(815301076,1909f56bfc062723c751e8b465ee728b)
Start importing Assets/Art/#OnePotatoKingdom_FULL/Prefabs/#Planets/Desert/Desert_Design4.prefab using Guid(f8472f4c6d399054381aa6f2692c89ef) Importer(815301076,1909f56bfc062723c751e8b465ee728b)  -> (artifact id: '4c9847a455e550244ceb9723d4fc04c5') in 0.033867 seconds
  Import took 0.037596 seconds .

========================================================================
Received Import Request.
  Time since last request: 0.000349 seconds.
  path: Assets/Art/#OnePotatoKingdom_FULL/Prefabs/#Planets/Desert/Desert_Design2.prefab
  artifactKey: Guid(7ded786f373b83b47b63f3a92f180f4b) Importer(815301076,1909f56bfc062723c751e8b465ee728b)
Start importing Assets/Art/#OnePotatoKingdom_FULL/Prefabs/#Planets/Desert/Desert_Design2.prefab using Guid(7ded786f373b83b47b63f3a92f180f4b) Importer(815301076,1909f56bfc062723c751e8b465ee728b)  -> (artifact id: '77ee007ef1f672309d58196131175d10') in 0.026661 seconds
  Import took 0.029795 seconds .

========================================================================
Received Import Request.
  Time since last request: 0.000246 seconds.
  path: Assets/Art/#OnePotatoKingdom_FULL/Prefabs/#Planets/Desert/Desert_Design1.prefab
  artifactKey: Guid(01613cb038ee177459c00820f1ea9206) Importer(815301076,1909f56bfc062723c751e8b465ee728b)
Start importing Assets/Art/#OnePotatoKingdom_FULL/Prefabs/#Planets/Desert/Desert_Design1.prefab using Guid(01613cb038ee177459c00820f1ea9206) Importer(815301076,1909f56bfc062723c751e8b465ee728b)  -> (artifact id: '7fe47cca2f897ce6da76364e0439a82e') in 0.051901 seconds
  Import took 0.055618 seconds .

========================================================================
Received Import Request.
  Time since last request: 0.000218 seconds.
  path: Assets/Art/#OnePotatoKingdom_FULL/Prefabs/#Planets/Desert/Desert_Design5.prefab
  artifactKey: Guid(b3a5d11ab20d2cc4dad9237f39ede68e) Importer(815301076,1909f56bfc062723c751e8b465ee728b)
Start importing Assets/Art/#OnePotatoKingdom_FULL/Prefabs/#Planets/Desert/Desert_Design5.prefab using Guid(b3a5d11ab20d2cc4dad9237f39ede68e) Importer(815301076,1909f56bfc062723c751e8b465ee728b)  -> (artifact id: '43ad13dc96519ad310ff3111f800dc4f') in 0.034087 seconds
  Import took 0.037863 seconds .

========================================================================
Received Import Request.
  Time since last request: 0.000809 seconds.
  path: Assets/Art/#OnePotatoKingdom_FULL/Prefabs/#Planets/Desert/Desert_Design5.prefab
  artifactKey: Guid(b3a5d11ab20d2cc4dad9237f39ede68e) Importer(815301076,1909f56bfc062723c751e8b465ee728b)
Start importing Assets/Art/#OnePotatoKingdom_FULL/Prefabs/#Planets/Desert/Desert_Design5.prefab using Guid(b3a5d11ab20d2cc4dad9237f39ede68e) Importer(815301076,1909f56bfc062723c751e8b465ee728b)  -> (artifact id: '43ad13dc96519ad310ff3111f800dc4f') in 0.010047 seconds
  Import took 0.013517 seconds .

========================================================================
Received Import Request.
  Time since last request: 9.214082 seconds.
  path: Assets/Art/#OnePotatoKingdom_FULL/Prefabs/#Planets/Temperate/Temperate_Design1.prefab
  artifactKey: Guid(b9049dd74bfbc314788b507ed5a2ef2a) Importer(815301076,1909f56bfc062723c751e8b465ee728b)
Start importing Assets/Art/#OnePotatoKingdom_FULL/Prefabs/#Planets/Temperate/Temperate_Design1.prefab using Guid(b9049dd74bfbc314788b507ed5a2ef2a) Importer(815301076,1909f56bfc062723c751e8b465ee728b)  -> (artifact id: 'e8640454fee750a79ae0076c2c2a7d04') in 0.031208 seconds
  Import took 0.034397 seconds .

========================================================================
Received Import Request.
  Time since last request: 0.000261 seconds.
  path: Assets/Art/#OnePotatoKingdom_FULL/Prefabs/#Planets/Temperate/Temperate_Design2.prefab
  artifactKey: Guid(46d94097e913acc46a106b1755414bf8) Importer(815301076,1909f56bfc062723c751e8b465ee728b)
Start importing Assets/Art/#OnePotatoKingdom_FULL/Prefabs/#Planets/Temperate/Temperate_Design2.prefab using Guid(46d94097e913acc46a106b1755414bf8) Importer(815301076,1909f56bfc062723c751e8b465ee728b)  -> (artifact id: '4dc11834f8d36f917f36729a220728d4') in 0.018051 seconds
  Import took 0.021364 seconds .

========================================================================
Received Import Request.
  Time since last request: 0.000320 seconds.
  path: Assets/Art/#OnePotatoKingdom_FULL/Prefabs/#Planets/Temperate/Temperate_Design5.prefab
  artifactKey: Guid(19835273963b43d46828cf3e32897744) Importer(815301076,1909f56bfc062723c751e8b465ee728b)
Start importing Assets/Art/#OnePotatoKingdom_FULL/Prefabs/#Planets/Temperate/Temperate_Design5.prefab using Guid(19835273963b43d46828cf3e32897744) Importer(815301076,1909f56bfc062723c751e8b465ee728b)  -> (artifact id: '33b8abae02c9bd6bbb088c199510d16d') in 0.051802 seconds
  Import took 0.055453 seconds .

========================================================================
Received Import Request.
  Time since last request: 0.000323 seconds.
  path: Assets/Art/#OnePotatoKingdom_FULL/Prefabs/#Planets/Temperate/Temperate_Design4.prefab
  artifactKey: Guid(d8bd551031b36b448baf037628f61b6f) Importer(815301076,1909f56bfc062723c751e8b465ee728b)
Start importing Assets/Art/#OnePotatoKingdom_FULL/Prefabs/#Planets/Temperate/Temperate_Design4.prefab using Guid(d8bd551031b36b448baf037628f61b6f) Importer(815301076,1909f56bfc062723c751e8b465ee728b)  -> (artifact id: 'f526c8337c259a879349231052ac0dc6') in 0.028601 seconds
  Import took 0.032356 seconds .

========================================================================
Received Import Request.
  Time since last request: 0.000234 seconds.
  path: Assets/Art/#OnePotatoKingdom_FULL/Prefabs/#Planets/Temperate/Temperate_Design3.prefab
  artifactKey: Guid(0d68aea0d8a6eb64c9c61dc9a0a24035) Importer(815301076,1909f56bfc062723c751e8b465ee728b)
Start importing Assets/Art/#OnePotatoKingdom_FULL/Prefabs/#Planets/Temperate/Temperate_Design3.prefab using Guid(0d68aea0d8a6eb64c9c61dc9a0a24035) Importer(815301076,1909f56bfc062723c751e8b465ee728b)  -> (artifact id: 'db660d08fb05c25b00a3bd4e4529621e') in 0.029790 seconds
  Import took 0.032961 seconds .

========================================================================
Received Import Request.
  Time since last request: 0.001767 seconds.
  path: Assets/Art/#OnePotatoKingdom_FULL/Prefabs/#Planets/Temperate/Temperate_Design3.prefab
  artifactKey: Guid(0d68aea0d8a6eb64c9c61dc9a0a24035) Importer(815301076,1909f56bfc062723c751e8b465ee728b)
Start importing Assets/Art/#OnePotatoKingdom_FULL/Prefabs/#Planets/Temperate/Temperate_Design3.prefab using Guid(0d68aea0d8a6eb64c9c61dc9a0a24035) Importer(815301076,1909f56bfc062723c751e8b465ee728b)  -> (artifact id: 'db660d08fb05c25b00a3bd4e4529621e') in 0.020918 seconds
  Import took 0.024073 seconds .

========================================================================
Received Import Request.
  Time since last request: 1.122024 seconds.
  path: Assets/Art/#OnePotatoKingdom_FULL/Prefabs/#Planets/Tundra/Tundra_Design1.prefab
  artifactKey: Guid(97748edb8f1a01242b48008cad80b31d) Importer(815301076,1909f56bfc062723c751e8b465ee728b)
Start importing Assets/Art/#OnePotatoKingdom_FULL/Prefabs/#Planets/Tundra/Tundra_Design1.prefab using Guid(97748edb8f1a01242b48008cad80b31d) Importer(815301076,1909f56bfc062723c751e8b465ee728b)  -> (artifact id: 'a67c0d931c0b1c98b7a987a81afa3e62') in 0.031327 seconds
  Import took 0.034623 seconds .

========================================================================
Received Import Request.
  Time since last request: 0.000343 seconds.
  path: Assets/Art/#OnePotatoKingdom_FULL/Prefabs/#Planets/Tundra/Tundra_Design5.prefab
  artifactKey: Guid(48d94668fa63cde46a8dc3470035354a) Importer(815301076,1909f56bfc062723c751e8b465ee728b)
Start importing Assets/Art/#OnePotatoKingdom_FULL/Prefabs/#Planets/Tundra/Tundra_Design5.prefab using Guid(48d94668fa63cde46a8dc3470035354a) Importer(815301076,1909f56bfc062723c751e8b465ee728b)  -> (artifact id: '2280413e3a662d8811b84e8e26d310cf') in 0.031161 seconds
  Import took 0.034221 seconds .

========================================================================
Received Import Request.
  Time since last request: 0.000259 seconds.
  path: Assets/Art/#OnePotatoKingdom_FULL/Prefabs/#Planets/Tundra/Tundra_Design3.prefab
  artifactKey: Guid(4d255955e3a764a45a48e9945aa2adf9) Importer(815301076,1909f56bfc062723c751e8b465ee728b)
Start importing Assets/Art/#OnePotatoKingdom_FULL/Prefabs/#Planets/Tundra/Tundra_Design3.prefab using Guid(4d255955e3a764a45a48e9945aa2adf9) Importer(815301076,1909f56bfc062723c751e8b465ee728b)  -> (artifact id: '37b3fed7b4b8b329bc69ef6779bb7dee') in 0.032095 seconds
  Import took 0.034830 seconds .

========================================================================
Received Import Request.
  Time since last request: 0.000299 seconds.
  path: Assets/Art/#OnePotatoKingdom_FULL/Prefabs/#Planets/Tundra/Tundra_Design2.prefab
  artifactKey: Guid(eae9621b053642946945a85587e01aa8) Importer(815301076,1909f56bfc062723c751e8b465ee728b)
Start importing Assets/Art/#OnePotatoKingdom_FULL/Prefabs/#Planets/Tundra/Tundra_Design2.prefab using Guid(eae9621b053642946945a85587e01aa8) Importer(815301076,1909f56bfc062723c751e8b465ee728b)  -> (artifact id: 'bdda09d2efd744376d595acc1f00236e') in 0.028107 seconds
  Import took 0.031220 seconds .

========================================================================
Received Import Request.
  Time since last request: 0.000224 seconds.
  path: Assets/Art/#OnePotatoKingdom_FULL/Prefabs/#Planets/Tundra/Tundra_Design4.prefab
  artifactKey: Guid(8847ff7f8a6047d42b63cd0818890f75) Importer(815301076,1909f56bfc062723c751e8b465ee728b)
Start importing Assets/Art/#OnePotatoKingdom_FULL/Prefabs/#Planets/Tundra/Tundra_Design4.prefab using Guid(8847ff7f8a6047d42b63cd0818890f75) Importer(815301076,1909f56bfc062723c751e8b465ee728b)  -> (artifact id: '32d265cf3c94dd7b2f00f304401907bd') in 0.017537 seconds
  Import took 0.021402 seconds .

========================================================================
Received Import Request.
  Time since last request: 0.000254 seconds.
  path: Assets/Art/#OnePotatoKingdom_FULL/Prefabs/#Planets/Tundra/Tundra_Design2.prefab
  artifactKey: Guid(eae9621b053642946945a85587e01aa8) Importer(815301076,1909f56bfc062723c751e8b465ee728b)
Start importing Assets/Art/#OnePotatoKingdom_FULL/Prefabs/#Planets/Tundra/Tundra_Design2.prefab using Guid(eae9621b053642946945a85587e01aa8) Importer(815301076,1909f56bfc062723c751e8b465ee728b)  -> (artifact id: 'bdda09d2efd744376d595acc1f00236e') in 0.008353 seconds
  Import took 0.011534 seconds .

========================================================================
Received Import Request.
  Time since last request: 74.632160 seconds.
  path: Assets/Art/#OnePotatoKingdom_FULL/Prefabs/#Planets/Temperate/Temperate_Design5.prefab
  artifactKey: Guid(19835273963b43d46828cf3e32897744) Importer(815301076,1909f56bfc062723c751e8b465ee728b)
Start importing Assets/Art/#OnePotatoKingdom_FULL/Prefabs/#Planets/Temperate/Temperate_Design5.prefab using Guid(19835273963b43d46828cf3e32897744) Importer(815301076,1909f56bfc062723c751e8b465ee728b)  -> (artifact id: '8dd5071ce42b51ed6ef035eefd2d53fa') in 0.022851 seconds
  Import took 0.027267 seconds .

========================================================================
Received Import Request.
  Time since last request: 21.944134 seconds.
  path: Assets/Art/#OnePotatoKingdom_FULL/Prefabs/#Planets/Temperate/Temperate_Design5.prefab
  artifactKey: Guid(19835273963b43d46828cf3e32897744) Importer(815301076,1909f56bfc062723c751e8b465ee728b)
Start importing Assets/Art/#OnePotatoKingdom_FULL/Prefabs/#Planets/Temperate/Temperate_Design5.prefab using Guid(19835273963b43d46828cf3e32897744) Importer(815301076,1909f56bfc062723c751e8b465ee728b)  -> (artifact id: 'a715a031c08ecca7d906323c7311d878') in 0.020323 seconds
  Import took 0.024026 seconds .

========================================================================
Received Import Request.
  Time since last request: 86.620779 seconds.
  path: Assets/Art/#OnePotatoKingdom_FULL/Prefabs/#Planets/Desert/Desert_Design3.prefab
  artifactKey: Guid(db67789fb615e5a459a954de1402122d) Importer(815301076,1909f56bfc062723c751e8b465ee728b)
Start importing Assets/Art/#OnePotatoKingdom_FULL/Prefabs/#Planets/Desert/Desert_Design3.prefab using Guid(db67789fb615e5a459a954de1402122d) Importer(815301076,1909f56bfc062723c751e8b465ee728b)  -> (artifact id: '5e2b07a04036421bbae6ed569de6fec9') in 0.013487 seconds
  Import took 0.016548 seconds .

========================================================================
Received Import Request.
  Time since last request: 37.756959 seconds.
  path: Assets/Art/#OnePotatoKingdom_FULL/Prefabs/#Planets/Desert/Desert_Design3.prefab
  artifactKey: Guid(db67789fb615e5a459a954de1402122d) Importer(815301076,1909f56bfc062723c751e8b465ee728b)
Start importing Assets/Art/#OnePotatoKingdom_FULL/Prefabs/#Planets/Desert/Desert_Design3.prefab using Guid(db67789fb615e5a459a954de1402122d) Importer(815301076,1909f56bfc062723c751e8b465ee728b)  -> (artifact id: 'cd0dab75702fa97d8c6f478cfb8379ea') in 0.026089 seconds
  Import took 0.029469 seconds .

========================================================================
Received Import Request.
  Time since last request: 20.318922 seconds.
  path: Assets/Art/#OnePotatoKingdom_FULL/Prefabs/#Planets/Desert/Desert_Design3.prefab
  artifactKey: Guid(db67789fb615e5a459a954de1402122d) Importer(815301076,1909f56bfc062723c751e8b465ee728b)
Start importing Assets/Art/#OnePotatoKingdom_FULL/Prefabs/#Planets/Desert/Desert_Design3.prefab using Guid(db67789fb615e5a459a954de1402122d) Importer(815301076,1909f56bfc062723c751e8b465ee728b)  -> (artifact id: 'e659d754bb819e2244118829d2c5d1b2') in 0.024004 seconds
  Import took 0.027862 seconds .

========================================================================
Received Import Request.
  Time since last request: 15.363523 seconds.
  path: Assets/Art/Class Stuff/SHADER CODING/Refraction/Materials/DistortionFlowMat Lava.mat
  artifactKey: Guid(357a08caaf7719c4c8ce8fa11c5ecc45) Importer(815301076,1909f56bfc062723c751e8b465ee728b)
Start importing Assets/Art/Class Stuff/SHADER CODING/Refraction/Materials/DistortionFlowMat Lava.mat using Guid(357a08caaf7719c4c8ce8fa11c5ecc45) Importer(815301076,1909f56bfc062723c751e8b465ee728b)  -> (artifact id: '66c93457c071c4f7555d6b07afa65819') in 0.035695 seconds
  Import took 0.039004 seconds .

========================================================================
Received Import Request.
  Time since last request: 42.662734 seconds.
  path: Assets/Art/Class Stuff/SHADER CODING/Refraction/Materials/DistortionFlowMat Lava.mat
  artifactKey: Guid(357a08caaf7719c4c8ce8fa11c5ecc45) Importer(815301076,1909f56bfc062723c751e8b465ee728b)
Start importing Assets/Art/Class Stuff/SHADER CODING/Refraction/Materials/DistortionFlowMat Lava.mat using Guid(357a08caaf7719c4c8ce8fa11c5ecc45) Importer(815301076,1909f56bfc062723c751e8b465ee728b)  -> (artifact id: '4c71026b12106a9d16f7cec32b28da84') in 0.017797 seconds
  Import took 0.020876 seconds .

========================================================================
Received Import Request.
  Time since last request: 118.498914 seconds.
  path: Assets/Art/Asteroids/Mobile Astre Pack vol. 1/Textures/dark_gray.png
  artifactKey: Guid(72a5af05fb6f3f54098f3c8c74a83739) Importer(815301076,1909f56bfc062723c751e8b465ee728b)
Start importing Assets/Art/Asteroids/Mobile Astre Pack vol. 1/Textures/dark_gray.png using Guid(72a5af05fb6f3f54098f3c8c74a83739) Importer(815301076,1909f56bfc062723c751e8b465ee728b)  -> (artifact id: '8fca8d0178f38d0f5852a0eeeaf1cb42') in 0.061355 seconds
  Import took 0.065282 seconds .

========================================================================
Received Import Request.
  Time since last request: 0.000324 seconds.
  path: Assets/Art/AurynSky/Rockets Missiles and Bombs/Textures/RocketsPalletteGreen.png
  artifactKey: Guid(eef049362fc106349a741296bc0c4e4e) Importer(815301076,1909f56bfc062723c751e8b465ee728b)
Start importing Assets/Art/AurynSky/Rockets Missiles and Bombs/Textures/RocketsPalletteGreen.png using Guid(eef049362fc106349a741296bc0c4e4e) Importer(815301076,1909f56bfc062723c751e8b465ee728b)  -> (artifact id: 'b5dac5ace570d76fe27912bb9472e9ff') in 0.018464 seconds
  Import took 0.021818 seconds .

========================================================================
Received Import Request.
  Time since last request: 0.000269 seconds.
  path: Assets/Art/AurynSky/Rockets Missiles and Bombs/Textures/RocketsPalletteGrey.png
  artifactKey: Guid(9dacb1981f327434bbbff57b0a025335) Importer(815301076,1909f56bfc062723c751e8b465ee728b)
Start importing Assets/Art/AurynSky/Rockets Missiles and Bombs/Textures/RocketsPalletteGrey.png using Guid(9dacb1981f327434bbbff57b0a025335) Importer(815301076,1909f56bfc062723c751e8b465ee728b)  -> (artifact id: '304fc5b8c72a6f9c3bb90193415c77d9') in 0.023219 seconds
  Import took 0.027033 seconds .

========================================================================
Received Import Request.
  Time since last request: 0.000260 seconds.
  path: Assets/Art/AurynSky/Rockets Missiles and Bombs/Textures/RocketsPalletteYellow.png
  artifactKey: Guid(806ea9dd9ebcd4a43985ec808fa24d8e) Importer(815301076,1909f56bfc062723c751e8b465ee728b)
Start importing Assets/Art/AurynSky/Rockets Missiles and Bombs/Textures/RocketsPalletteYellow.png using Guid(806ea9dd9ebcd4a43985ec808fa24d8e) Importer(815301076,1909f56bfc062723c751e8b465ee728b)  -> (artifact id: '3c87d831a3a514853f9c0f709292ce1a') in 0.014239 seconds
  Import took 0.017271 seconds .

========================================================================
Received Import Request.
  Time since last request: 0.000170 seconds.
  path: Assets/Art/Asteroids/Mobile Astre Pack vol. 1/Textures/light_gray.png
  artifactKey: Guid(d211b38bda9bddb4fa92a8f53d2eb655) Importer(815301076,1909f56bfc062723c751e8b465ee728b)
Start importing Assets/Art/Asteroids/Mobile Astre Pack vol. 1/Textures/light_gray.png using Guid(d211b38bda9bddb4fa92a8f53d2eb655) Importer(815301076,1909f56bfc062723c751e8b465ee728b)  -> (artifact id: '84682df30e70882e812a2a6a4c04f0d7') in 0.011418 seconds
  Import took 0.014627 seconds .

========================================================================
Received Import Request.
  Time since last request: 0.000278 seconds.
  path: Assets/Art/AurynSky/Rockets Missiles and Bombs/Textures/RocketsPalletteOrange.png
  artifactKey: Guid(8dcd59f668f07cd4d84c72b5e1e01606) Importer(815301076,1909f56bfc062723c751e8b465ee728b)
Start importing Assets/Art/AurynSky/Rockets Missiles and Bombs/Textures/RocketsPalletteOrange.png using Guid(8dcd59f668f07cd4d84c72b5e1e01606) Importer(815301076,1909f56bfc062723c751e8b465ee728b)  -> (artifact id: '86b56a520bf933cf5dda4f3842d568da') in 0.025290 seconds
  Import took 0.029161 seconds .

========================================================================
Received Import Request.
  Time since last request: 0.000251 seconds.
  path: Assets/TextMesh Pro/Sprites/EmojiOne.png
  artifactKey: Guid(dffef66376be4fa480fb02b19edbe903) Importer(815301076,1909f56bfc062723c751e8b465ee728b)
Start importing Assets/TextMesh Pro/Sprites/EmojiOne.png using Guid(dffef66376be4fa480fb02b19edbe903) Importer(815301076,1909f56bfc062723c751e8b465ee728b)  -> (artifact id: '189ff31c4e988a2083ea311351e154a2') in 0.109142 seconds
  Import took 0.111853 seconds .

========================================================================
Received Import Request.
  Time since last request: 0.000259 seconds.
  path: Assets/Art/AurynSky/Rockets Missiles and Bombs/Textures/RocketsPalletteBlue.png
  artifactKey: Guid(cd64a42b5204fbe45b6d9f79f669cfe2) Importer(815301076,1909f56bfc062723c751e8b465ee728b)
Start importing Assets/Art/AurynSky/Rockets Missiles and Bombs/Textures/RocketsPalletteBlue.png using Guid(cd64a42b5204fbe45b6d9f79f669cfe2) Importer(815301076,1909f56bfc062723c751e8b465ee728b)  -> (artifact id: 'ddea7930e42a22dc48f8b4868f96a2b6') in 0.015646 seconds
  Import took 0.019820 seconds .

========================================================================
Received Import Request.
  Time since last request: 0.000238 seconds.
  path: Assets/TextMesh Pro/Sprites/EmojiOne.png
  artifactKey: Guid(dffef66376be4fa480fb02b19edbe903) Importer(815301076,1909f56bfc062723c751e8b465ee728b)
Start importing Assets/TextMesh Pro/Sprites/EmojiOne.png using Guid(dffef66376be4fa480fb02b19edbe903) Importer(815301076,1909f56bfc062723c751e8b465ee728b)  -> (artifact id: '189ff31c4e988a2083ea311351e154a2') in 0.022188 seconds
  Import took 0.024998 seconds .

========================================================================
Received Import Request.
  Time since last request: 0.000302 seconds.
  path: Assets/Art/AurynSky/Rockets Missiles and Bombs/Textures/RocketsPallettePink.png
  artifactKey: Guid(da92151212311ef43b05edc7d7fac370) Importer(815301076,1909f56bfc062723c751e8b465ee728b)
Start importing Assets/Art/AurynSky/Rockets Missiles and Bombs/Textures/RocketsPallettePink.png using Guid(da92151212311ef43b05edc7d7fac370) Importer(815301076,1909f56bfc062723c751e8b465ee728b)  -> (artifact id: '3721219e814319f0b0815bb2066ed1ae') in 0.016567 seconds
  Import took 0.019401 seconds .

========================================================================
Received Import Request.
  Time since last request: 0.000283 seconds.
  path: Assets/Art/AurynSky/Rockets Missiles and Bombs/Textures/RocketsPalletteBlue.png
  artifactKey: Guid(cd64a42b5204fbe45b6d9f79f669cfe2) Importer(815301076,1909f56bfc062723c751e8b465ee728b)
Start importing Assets/Art/AurynSky/Rockets Missiles and Bombs/Textures/RocketsPalletteBlue.png using Guid(cd64a42b5204fbe45b6d9f79f669cfe2) Importer(815301076,1909f56bfc062723c751e8b465ee728b)  -> (artifact id: 'ddea7930e42a22dc48f8b4868f96a2b6') in 0.008059 seconds
  Import took 0.011520 seconds .

========================================================================
Received Import Request.
  Time since last request: 13.183919 seconds.
  path: Assets/Art/Class Stuff/SHADER CODING/Refraction/Materials/DistortionFlowMat Lava.mat
  artifactKey: Guid(357a08caaf7719c4c8ce8fa11c5ecc45) Importer(815301076,1909f56bfc062723c751e8b465ee728b)
Start importing Assets/Art/Class Stuff/SHADER CODING/Refraction/Materials/DistortionFlowMat Lava.mat using Guid(357a08caaf7719c4c8ce8fa11c5ecc45) Importer(815301076,1909f56bfc062723c751e8b465ee728b)  -> (artifact id: '7d7dfc51924de3a528295ce7b55aa7dc') in 0.018068 seconds
  Import took 0.021741 seconds .

========================================================================
Received Import Request.
  Time since last request: 60.647527 seconds.
  path: Assets/Art/lava texture.png
  artifactKey: Guid(67def6c5ad49e06439454041abb27ec7) Importer(815301076,1909f56bfc062723c751e8b465ee728b)
Start importing Assets/Art/lava texture.png using Guid(67def6c5ad49e06439454041abb27ec7) Importer(815301076,1909f56bfc062723c751e8b465ee728b)  -> (artifact id: 'ee072722ee8a8866e35fa50c647a7681') in 0.013069 seconds
  Import took 0.017960 seconds .

========================================================================
Received Import Request.
  Time since last request: 88.813756 seconds.
  path: Assets/Art/Class Stuff/SHADER CODING/Refraction/Materials/DistortionFlowMat Lava.mat
  artifactKey: Guid(357a08caaf7719c4c8ce8fa11c5ecc45) Importer(815301076,1909f56bfc062723c751e8b465ee728b)
Start importing Assets/Art/Class Stuff/SHADER CODING/Refraction/Materials/DistortionFlowMat Lava.mat using Guid(357a08caaf7719c4c8ce8fa11c5ecc45) Importer(815301076,1909f56bfc062723c751e8b465ee728b)  -> (artifact id: '56eedf284b0065e1d2bfb5cff2d3af57') in 0.014280 seconds
  Import took 0.017866 seconds .

========================================================================
Received Import Request.
  Time since last request: 324.759886 seconds.
  path: Assets/Art/Sprites
  artifactKey: Guid(3dfefa2a0becd71409fa774d72494b34) Importer(815301076,1909f56bfc062723c751e8b465ee728b)
Start importing Assets/Art/Sprites using Guid(3dfefa2a0becd71409fa774d72494b34) Importer(815301076,1909f56bfc062723c751e8b465ee728b)  -> (artifact id: 'e9ff289a89695aa9f5377f3fd1abc6b9') in 0.008857 seconds
  Import took 0.012393 seconds .

========================================================================
Received Import Request.
  Time since last request: 0.062668 seconds.
  path: Assets/Art/Sprites/lava texture.png
  artifactKey: Guid(86bb43db5aac7e9438681d8c4dbc8988) Importer(815301076,1909f56bfc062723c751e8b465ee728b)
Start importing Assets/Art/Sprites/lava texture.png using Guid(86bb43db5aac7e9438681d8c4dbc8988) Importer(815301076,1909f56bfc062723c751e8b465ee728b)  -> (artifact id: 'b8428569d9bd99389b34845a15e770c6') in 0.015194 seconds
  Import took 0.018499 seconds .

========================================================================
Received Import Request.
  Time since last request: 0.000251 seconds.
  path: Assets/Art/Sprites/Planet 1.png
  artifactKey: Guid(b61aca79458a37044bc242b145949494) Importer(815301076,1909f56bfc062723c751e8b465ee728b)
Start importing Assets/Art/Sprites/Planet 1.png using Guid(b61aca79458a37044bc242b145949494) Importer(815301076,1909f56bfc062723c751e8b465ee728b)  -> (artifact id: 'c514796c903c7fc90994cf889d89ce5e') in 0.012146 seconds
  Import took 0.014959 seconds .

========================================================================
Received Import Request.
  Time since last request: 31.715264 seconds.
  path: Assets/Art/Sprites/Planet 2.png
  artifactKey: Guid(9d783fd7272403c4885fedb00ce0d323) Importer(815301076,1909f56bfc062723c751e8b465ee728b)
Start importing Assets/Art/Sprites/Planet 2.png using Guid(9d783fd7272403c4885fedb00ce0d323) Importer(815301076,1909f56bfc062723c751e8b465ee728b)  -> (artifact id: '24b71261d8b48858258b5521ba71d45c') in 0.020775 seconds
  Import took 0.023742 seconds .

========================================================================
Received Import Request.
  Time since last request: 21.095963 seconds.
  path: Assets/Art/Sprites/Planet 3.png
  artifactKey: Guid(aa17c8cd5995ffe43a494abdf9d21e34) Importer(815301076,1909f56bfc062723c751e8b465ee728b)
Start importing Assets/Art/Sprites/Planet 3.png using Guid(aa17c8cd5995ffe43a494abdf9d21e34) Importer(815301076,1909f56bfc062723c751e8b465ee728b)  -> (artifact id: 'ad53d61c4691450088434db021eec420') in 0.012021 seconds
  Import took 0.015021 seconds .

========================================================================
Received Import Request.
  Time since last request: 32.302891 seconds.
  path: Assets/Art/Sprites/Planet 1.png
  artifactKey: Guid(b61aca79458a37044bc242b145949494) Importer(815301076,1909f56bfc062723c751e8b465ee728b)
Start importing Assets/Art/Sprites/Planet 1.png using Guid(b61aca79458a37044bc242b145949494) Importer(815301076,1909f56bfc062723c751e8b465ee728b)  -> (artifact id: '6035770e30d66d38b9d0225a747ba69c') in 0.039159 seconds
  Import took 0.042451 seconds .

========================================================================
Received Import Request.
  Time since last request: 0.000281 seconds.
  path: Assets/Art/Sprites/Planet 2.png
  artifactKey: Guid(9d783fd7272403c4885fedb00ce0d323) Importer(815301076,1909f56bfc062723c751e8b465ee728b)
Start importing Assets/Art/Sprites/Planet 2.png using Guid(9d783fd7272403c4885fedb00ce0d323) Importer(815301076,1909f56bfc062723c751e8b465ee728b)  -> (artifact id: '4bc0c571c3e607649a2e500868242593') in 0.017899 seconds
  Import took 0.020876 seconds .

========================================================================
Received Import Request.
  Time since last request: 0.000235 seconds.
  path: Assets/Art/Sprites/Planet 3.png
  artifactKey: Guid(aa17c8cd5995ffe43a494abdf9d21e34) Importer(815301076,1909f56bfc062723c751e8b465ee728b)
Start importing Assets/Art/Sprites/Planet 3.png using Guid(aa17c8cd5995ffe43a494abdf9d21e34) Importer(815301076,1909f56bfc062723c751e8b465ee728b)  -> (artifact id: '42872aedd6f7d17b733454ef64c5ef01') in 0.026049 seconds
  Import took 0.028786 seconds .

========================================================================
Received Import Request.
  Time since last request: 121.406872 seconds.
  path: Assets/Art/Sprites/Planet_1-removebg-preview.png
  artifactKey: Guid(ebb3660447284cc4a8b31fb5910cc5ff) Importer(815301076,1909f56bfc062723c751e8b465ee728b)
Start importing Assets/Art/Sprites/Planet_1-removebg-preview.png using Guid(ebb3660447284cc4a8b31fb5910cc5ff) Importer(815301076,1909f56bfc062723c751e8b465ee728b)  -> (artifact id: '0fa80115d89e7bee4bb27908f5eba705') in 0.012397 seconds
  Import took 0.016447 seconds .

========================================================================
Received Import Request.
  Time since last request: 0.000313 seconds.
  path: Assets/Art/Sprites/Planet_2-removebg-preview.png
  artifactKey: Guid(84fbd73197645c2449a214beb8d5f64c) Importer(815301076,1909f56bfc062723c751e8b465ee728b)
Start importing Assets/Art/Sprites/Planet_2-removebg-preview.png using Guid(84fbd73197645c2449a214beb8d5f64c) Importer(815301076,1909f56bfc062723c751e8b465ee728b)  -> (artifact id: 'b1639ad4fed677b280e42834572ca7b1') in 0.011147 seconds
  Import took 0.015989 seconds .

========================================================================
Received Import Request.
  Time since last request: 0.000281 seconds.
  path: Assets/Art/Sprites/Planet_3-removebg-preview.png
  artifactKey: Guid(13e7a66d110f58b449a8dc2a29dde0a2) Importer(815301076,1909f56bfc062723c751e8b465ee728b)
Start importing Assets/Art/Sprites/Planet_3-removebg-preview.png using Guid(13e7a66d110f58b449a8dc2a29dde0a2) Importer(815301076,1909f56bfc062723c751e8b465ee728b)  -> (artifact id: 'b91d00a2c17220b22f4cadb658cd45c4') in 0.011762 seconds
  Import took 0.016063 seconds .

========================================================================
Received Import Request.
  Time since last request: 9.172432 seconds.
  path: Assets/Art/Sprites/Planet_1-removebg-preview.png
  artifactKey: Guid(ebb3660447284cc4a8b31fb5910cc5ff) Importer(815301076,1909f56bfc062723c751e8b465ee728b)
Start importing Assets/Art/Sprites/Planet_1-removebg-preview.png using Guid(ebb3660447284cc4a8b31fb5910cc5ff) Importer(815301076,1909f56bfc062723c751e8b465ee728b)  -> (artifact id: '87c29075233acb838ef3f93be14e3c52') in 0.012979 seconds
  Import took 0.015953 seconds .

========================================================================
Received Import Request.
  Time since last request: 0.021938 seconds.
  path: Assets/Art/Sprites/Planet_1-removebg-preview.png
  artifactKey: Guid(ebb3660447284cc4a8b31fb5910cc5ff) Importer(815301076,1909f56bfc062723c751e8b465ee728b)
Start importing Assets/Art/Sprites/Planet_1-removebg-preview.png using Guid(ebb3660447284cc4a8b31fb5910cc5ff) Importer(815301076,1909f56bfc062723c751e8b465ee728b)  -> (artifact id: '87c29075233acb838ef3f93be14e3c52') in 0.028961 seconds
  Import took 0.032310 seconds .

========================================================================
Received Import Request.
  Time since last request: 0.000245 seconds.
  path: Assets/Art/Sprites/Planet_2-removebg-preview.png
  artifactKey: Guid(84fbd73197645c2449a214beb8d5f64c) Importer(815301076,1909f56bfc062723c751e8b465ee728b)
Start importing Assets/Art/Sprites/Planet_2-removebg-preview.png using Guid(84fbd73197645c2449a214beb8d5f64c) Importer(815301076,1909f56bfc062723c751e8b465ee728b)  -> (artifact id: '8824ecf21b1ac9297e669c1a2f400efe') in 0.015441 seconds
  Import took 0.018309 seconds .

========================================================================
Received Import Request.
  Time since last request: 0.000301 seconds.
  path: Assets/Art/Sprites/Planet_3-removebg-preview.png
  artifactKey: Guid(13e7a66d110f58b449a8dc2a29dde0a2) Importer(815301076,1909f56bfc062723c751e8b465ee728b)
Start importing Assets/Art/Sprites/Planet_3-removebg-preview.png using Guid(13e7a66d110f58b449a8dc2a29dde0a2) Importer(815301076,1909f56bfc062723c751e8b465ee728b)  -> (artifact id: 'a8bc1705beb14d1d909b43ab1bf0fab1') in 0.016906 seconds
  Import took 0.020422 seconds .

========================================================================
Received Import Request.
  Time since last request: 285.099779 seconds.
  path: Assets/Animations
  artifactKey: Guid(74e0ef99a86f2d544b8e115bdb3f5e5b) Importer(815301076,1909f56bfc062723c751e8b465ee728b)
Start importing Assets/Animations using Guid(74e0ef99a86f2d544b8e115bdb3f5e5b) Importer(815301076,1909f56bfc062723c751e8b465ee728b)  -> (artifact id: '5003e479087fd25580978604655abfcc') in 0.009393 seconds
  Import took 0.013284 seconds .

========================================================================
Received Import Request.
  Time since last request: 10.761958 seconds.
  path: Assets/Animator Controllers
  artifactKey: Guid(8f3b3e818bfdc5b49b6e0b6214031fa0) Importer(815301076,1909f56bfc062723c751e8b465ee728b)
Start importing Assets/Animator Controllers using Guid(8f3b3e818bfdc5b49b6e0b6214031fa0) Importer(815301076,1909f56bfc062723c751e8b465ee728b)  -> (artifact id: '11df4fe5d993d81efad2635a02a75fd0') in 0.007796 seconds
  Import took 0.011144 seconds .

AssetImportWorkerClient::OnTransportError - code=2 error=End of file
