Using pre-set license
Built from '2020.2/release' branch; Version is '2020.2.2f1 (068178b99f32) revision 426360'; Using compiler version '192528614'; Build Type 'Release'
OS: 'Windows 10 Pro; OS build 19043.1055; Version 2009; 64bit' Language: 'en' Physical Memory: 32645 MB
BatchMode: 1, IsHumanControllingUs: 0, StartBugReporterOnCrash: 0, Is64bit: 1, IsPro: 0

 COMMAND LINE ARGUMENTS:
C:\Program Files\Unity\Hub\Editor\2020.2.2f1\Editor\Unity.exe
-adb2
-batchMode
-noUpm
-name
AssetImportWorker0
-projectPath
C:/Users/lalal/OneDrive - TAFE NSW/Diploma GIT/Space-Sim-Assessment
-logFile
Logs/AssetImportWorker0.log
-srvPort
61514
Successfully changed project path to: C:/Users/lalal/OneDrive - TAFE NSW/Diploma GIT/Space-Sim-Assessment
C:/Users/lalal/OneDrive - TAFE NSW/Diploma GIT/Space-Sim-Assessment
Using Asset Import Pipeline V2.
Refreshing native plugins compatible for Editor in 39.34 ms, found 0 plugins.
Preloading 0 native plugins for Editor in 0.00 ms.
Initialize engine version: 2020.2.2f1 (068178b99f32)
[Subsystems] Discovering subsystems at path C:/Program Files/Unity/Hub/Editor/2020.2.2f1/Editor/Data/Resources/UnitySubsystems
[Subsystems] Discovering subsystems at path C:/Users/lalal/OneDrive - TAFE NSW/Diploma GIT/Space-Sim-Assessment/Assets
GfxDevice: creating device client; threaded=0
Direct3D:
    Version:  Direct3D 11.0 [level 11.1]
    Renderer: NVIDIA GeForce RTX 2070 with Max-Q Design (ID=0x1f50)
    Vendor:   
    VRAM:     8031 MB
    Driver:   27.21.14.6230
Initialize mono
Mono path[0] = 'C:/Program Files/Unity/Hub/Editor/2020.2.2f1/Editor/Data/Managed'
Mono path[1] = 'C:/Program Files/Unity/Hub/Editor/2020.2.2f1/Editor/Data/MonoBleedingEdge/lib/mono/unityjit'
Mono config path = 'C:/Program Files/Unity/Hub/Editor/2020.2.2f1/Editor/Data/MonoBleedingEdge/etc'
Using monoOptions --debugger-agent=transport=dt_socket,embedding=1,server=y,suspend=n,address=127.0.0.1:56768
Begin MonoManager ReloadAssembly
Registering precompiled unity dll's ...
Register platform support module: C:/Program Files/Unity/Hub/Editor/2020.2.2f1/Editor/Data/PlaybackEngines/WindowsStandaloneSupport/UnityEditor.WindowsStandalone.Extensions.dll
Registered in 0.002667 seconds.
Native extension for WindowsStandalone target not found
Refreshing native plugins compatible for Editor in 38.92 ms, found 0 plugins.
Preloading 0 native plugins for Editor in 0.00 ms.
Invoked RoslynAnalysisRunner static constructor.
RoslynAnalysisRunner will not be running.
RoslynAnalysisRunner has terminated.
Mono: successfully reloaded assembly
- Completed reload, in  2.813 seconds
Platform modules already initialized, skipping
Registering precompiled user dll's ...
Registered in 0.002501 seconds.
Begin MonoManager ReloadAssembly
Native extension for WindowsStandalone target not found
Refreshing native plugins compatible for Editor in 43.59 ms, found 0 plugins.
Preloading 0 native plugins for Editor in 0.00 ms.
Invoked RoslynAnalysisRunner static constructor.
RoslynAnalysisRunner will not be running.
RoslynAnalysisRunner has terminated.
Mono: successfully reloaded assembly
- Completed reload, in  0.950 seconds
Platform modules already initialized, skipping
========================================================================
Worker process is ready to serve import requests
Launched and connected shader compiler UnityShaderCompiler.exe after 0.06 seconds
Refreshing native plugins compatible for Editor in 0.41 ms, found 0 plugins.
Preloading 0 native plugins for Editor in 0.00 ms.
Unloading 1932 Unused Serialized files (Serialized files now loaded: 0)
System memory in use before: 86.3 MB.
System memory in use after: 86.3 MB.

Unloading 11 unused Assets to reduce memory usage. Loaded Objects now: 2381.
Total: 3.052800 ms (FindLiveObjects: 0.323200 ms CreateObjectMapping: 0.120500 ms MarkObjects: 2.481500 ms  DeleteObjects: 0.126800 ms)

========================================================================
Received Import Request.
  path: Assets/Scripts/Enemy/ShootPlayer.cs
  artifactKey: Guid(1a42279a9ce06f2478859f6d1adf90a5) Importer(815301076,1909f56bfc062723c751e8b465ee728b)
Start importing Assets/Scripts/Enemy/ShootPlayer.cs using Guid(1a42279a9ce06f2478859f6d1adf90a5) Importer(815301076,1909f56bfc062723c751e8b465ee728b)  -> (artifact id: '851638afbd7df0f24cd1e1452dae879e') in 0.038474 seconds
  Import took 0.041364 seconds .

========================================================================
Received Import Request.
  Time since last request: 48.579314 seconds.
  path: Assets/Scripts/Enemy/ShootPlayer.cs
  artifactKey: Guid(1a42279a9ce06f2478859f6d1adf90a5) Importer(815301076,1909f56bfc062723c751e8b465ee728b)
Start importing Assets/Scripts/Enemy/ShootPlayer.cs using Guid(1a42279a9ce06f2478859f6d1adf90a5) Importer(815301076,1909f56bfc062723c751e8b465ee728b)  -> (artifact id: '724fc9eb2070a1d970b8eb5f3bd4b984') in 0.002705 seconds
  Import took 0.006352 seconds .

========================================================================
Received Prepare
Registering precompiled user dll's ...
Registered in 0.001620 seconds.
Begin MonoManager ReloadAssembly
Native extension for WindowsStandalone target not found
Refreshing native plugins compatible for Editor in 0.62 ms, found 0 plugins.
Preloading 0 native plugins for Editor in 0.00 ms.
Invoked RoslynAnalysisRunner static constructor.
RoslynAnalysisRunner will not be running.
RoslynAnalysisRunner has terminated.
Mono: successfully reloaded assembly
- Completed reload, in  0.881 seconds
Platform modules already initialized, skipping
Refreshing native plugins compatible for Editor in 0.35 ms, found 0 plugins.
Preloading 0 native plugins for Editor in 0.00 ms.
Unloading 1904 Unused Serialized files (Serialized files now loaded: 0)
System memory in use before: 84.6 MB.
System memory in use after: 84.7 MB.

Unloading 6 unused Assets to reduce memory usage. Loaded Objects now: 2383.
Total: 2.046700 ms (FindLiveObjects: 0.213200 ms CreateObjectMapping: 0.088200 ms MarkObjects: 1.671700 ms  DeleteObjects: 0.072500 ms)

========================================================================
Received Import Request.
  Time since last request: 546.324637 seconds.
  path: Assets/Scripts/Enemy/ShootPlayer.cs
  artifactKey: Guid(1a42279a9ce06f2478859f6d1adf90a5) Importer(815301076,1909f56bfc062723c751e8b465ee728b)
Start importing Assets/Scripts/Enemy/ShootPlayer.cs using Guid(1a42279a9ce06f2478859f6d1adf90a5) Importer(815301076,1909f56bfc062723c751e8b465ee728b)  -> (artifact id: '2321165a9e02268220d0654b88296172') in 0.008932 seconds
  Import took 0.012225 seconds .

========================================================================
Received Import Request.
  Time since last request: 45.850983 seconds.
  path: Assets/Prefabs/Space Pirates Ship.prefab
  artifactKey: Guid(743085f926187c04889d309d88bd9a74) Importer(815301076,1909f56bfc062723c751e8b465ee728b)
Start importing Assets/Prefabs/Space Pirates Ship.prefab using Guid(743085f926187c04889d309d88bd9a74) Importer(815301076,1909f56bfc062723c751e8b465ee728b)  -> (artifact id: 'e710ba52e21c443c8fb0a554766f60ac') in 0.147029 seconds
  Import took 0.150943 seconds .

========================================================================
Received Import Request.
  Time since last request: 0.000864 seconds.
  path: Assets/Prefabs/Space Pirates Ship.prefab
  artifactKey: Guid(743085f926187c04889d309d88bd9a74) Importer(815301076,1909f56bfc062723c751e8b465ee728b)
Start importing Assets/Prefabs/Space Pirates Ship.prefab using Guid(743085f926187c04889d309d88bd9a74) Importer(815301076,1909f56bfc062723c751e8b465ee728b)  -> (artifact id: 'e710ba52e21c443c8fb0a554766f60ac') in 0.046812 seconds
  Import took 0.050475 seconds .

========================================================================
Received Prepare
Registering precompiled user dll's ...
Registered in 0.002319 seconds.
Begin MonoManager ReloadAssembly
Native extension for WindowsStandalone target not found
Refreshing native plugins compatible for Editor in 0.37 ms, found 0 plugins.
Preloading 0 native plugins for Editor in 0.00 ms.
Invoked RoslynAnalysisRunner static constructor.
RoslynAnalysisRunner will not be running.
RoslynAnalysisRunner has terminated.
Mono: successfully reloaded assembly
- Completed reload, in  0.889 seconds
Platform modules already initialized, skipping
Refreshing native plugins compatible for Editor in 0.37 ms, found 0 plugins.
Preloading 0 native plugins for Editor in 0.00 ms.
Unloading 1904 Unused Serialized files (Serialized files now loaded: 0)
System memory in use before: 88.8 MB.
System memory in use after: 88.8 MB.

Unloading 6 unused Assets to reduce memory usage. Loaded Objects now: 2392.
Total: 2.164200 ms (FindLiveObjects: 0.303100 ms CreateObjectMapping: 0.105500 ms MarkObjects: 1.693900 ms  DeleteObjects: 0.060600 ms)

========================================================================
Received Import Request.
  Time since last request: 43.077176 seconds.
  path: Assets/Prefabs/Space Pirates Ship.prefab
  artifactKey: Guid(743085f926187c04889d309d88bd9a74) Importer(815301076,1909f56bfc062723c751e8b465ee728b)
Start importing Assets/Prefabs/Space Pirates Ship.prefab using Guid(743085f926187c04889d309d88bd9a74) Importer(815301076,1909f56bfc062723c751e8b465ee728b)  -> (artifact id: 'fd7dce4eb698906c7c5c6ed3e8478928') in 0.080174 seconds
  Import took 0.084539 seconds .

========================================================================
Received Import Request.
  Time since last request: 8.372504 seconds.
  path: ProjectSettings/TagManager.asset
  artifactKey: Guid(00000000000000003000000000000000) Importer(815301076,1909f56bfc062723c751e8b465ee728b)
Start importing ProjectSettings/TagManager.asset using Guid(00000000000000003000000000000000) Importer(815301076,1909f56bfc062723c751e8b465ee728b)  -> (artifact id: 'cc2faa2819bef693ca80c4e83155c6c0') in 0.010059 seconds
  Import took 0.013304 seconds .

========================================================================
Received Import Request.
  Time since last request: 7.939434 seconds.
  path: Assets/Prefabs/Enemy Rockets.prefab
  artifactKey: Guid(364118251b64fd74098a925e1c0e9527) Importer(815301076,1909f56bfc062723c751e8b465ee728b)
Start importing Assets/Prefabs/Enemy Rockets.prefab using Guid(364118251b64fd74098a925e1c0e9527) Importer(815301076,1909f56bfc062723c751e8b465ee728b)  -> (artifact id: '703a6f0407eaa63a60fa94d4f650445d') in 0.024783 seconds
  Import took 0.029248 seconds .

========================================================================
Received Prepare
Registering precompiled user dll's ...
Registered in 0.001633 seconds.
Begin MonoManager ReloadAssembly
Native extension for WindowsStandalone target not found
Refreshing native plugins compatible for Editor in 0.37 ms, found 0 plugins.
Preloading 0 native plugins for Editor in 0.00 ms.
Invoked RoslynAnalysisRunner static constructor.
RoslynAnalysisRunner will not be running.
RoslynAnalysisRunner has terminated.
Mono: successfully reloaded assembly
- Completed reload, in  0.875 seconds
Platform modules already initialized, skipping
Refreshing native plugins compatible for Editor in 0.36 ms, found 0 plugins.
Preloading 0 native plugins for Editor in 0.00 ms.
Unloading 1904 Unused Serialized files (Serialized files now loaded: 0)
System memory in use before: 88.8 MB.
System memory in use after: 88.9 MB.

Unloading 7 unused Assets to reduce memory usage. Loaded Objects now: 2395.
Total: 2.312700 ms (FindLiveObjects: 0.206900 ms CreateObjectMapping: 0.079200 ms MarkObjects: 1.940200 ms  DeleteObjects: 0.085400 ms)

