Using pre-set license
Built from '2020.2/release' branch; Version is '2020.2.2f1 (068178b99f32) revision 426360'; Using compiler version '192528614'; Build Type 'Release'
OS: 'Windows 10 Pro; OS build 19042.985; Version 2009; 64bit' Language: 'en' Physical Memory: 32645 MB
BatchMode: 1, IsHumanControllingUs: 0, StartBugReporterOnCrash: 0, Is64bit: 1, IsPro: 0

 COMMAND LINE ARGUMENTS:
C:\Program Files\Unity\Hub\Editor\2020.2.2f1\Editor\Unity.exe
-adb2
-batchMode
-noUpm
-name
AssetImportWorker1
-projectPath
C:/Users/lalal/OneDrive - TAFE NSW/Diploma GIT/Space-Sim-Assessment
-logFile
Logs/AssetImportWorker1.log
-srvPort
54483
Successfully changed project path to: C:/Users/lalal/OneDrive - TAFE NSW/Diploma GIT/Space-Sim-Assessment
C:/Users/lalal/OneDrive - TAFE NSW/Diploma GIT/Space-Sim-Assessment
Using Asset Import Pipeline V2.
Refreshing native plugins compatible for Editor in 37.41 ms, found 0 plugins.
Preloading 0 native plugins for Editor in 0.00 ms.
Initialize engine version: 2020.2.2f1 (068178b99f32)
[Subsystems] Discovering subsystems at path C:/Program Files/Unity/Hub/Editor/2020.2.2f1/Editor/Data/Resources/UnitySubsystems
[Subsystems] Discovering subsystems at path C:/Users/lalal/OneDrive - TAFE NSW/Diploma GIT/Space-Sim-Assessment/Assets
GfxDevice: creating device client; threaded=0
Direct3D:
    Version:  Direct3D 11.0 [level 11.1]
    Renderer: NVIDIA GeForce RTX 2070 with Max-Q Design (ID=0x1f50)
    Vendor:   
    VRAM:     8031 MB
    Driver:   27.21.14.6230
Initialize mono
Mono path[0] = 'C:/Program Files/Unity/Hub/Editor/2020.2.2f1/Editor/Data/Managed'
Mono path[1] = 'C:/Program Files/Unity/Hub/Editor/2020.2.2f1/Editor/Data/MonoBleedingEdge/lib/mono/unityjit'
Mono config path = 'C:/Program Files/Unity/Hub/Editor/2020.2.2f1/Editor/Data/MonoBleedingEdge/etc'
Using monoOptions --debugger-agent=transport=dt_socket,embedding=1,server=y,suspend=n,address=127.0.0.1:56740
Begin MonoManager ReloadAssembly
Registering precompiled unity dll's ...
Register platform support module: C:/Program Files/Unity/Hub/Editor/2020.2.2f1/Editor/Data/PlaybackEngines/WindowsStandaloneSupport/UnityEditor.WindowsStandalone.Extensions.dll
Registered in 0.003033 seconds.
Native extension for WindowsStandalone target not found
Refreshing native plugins compatible for Editor in 58.76 ms, found 0 plugins.
Preloading 0 native plugins for Editor in 0.00 ms.
Invoked RoslynAnalysisRunner static constructor.
RoslynAnalysisRunner will not be running.
RoslynAnalysisRunner has terminated.
Mono: successfully reloaded assembly
- Completed reload, in  2.957 seconds
Platform modules already initialized, skipping
Registering precompiled user dll's ...
Registered in 0.001599 seconds.
Begin MonoManager ReloadAssembly
Native extension for WindowsStandalone target not found
Refreshing native plugins compatible for Editor in 40.55 ms, found 0 plugins.
Preloading 0 native plugins for Editor in 0.00 ms.
Invoked RoslynAnalysisRunner static constructor.
RoslynAnalysisRunner will not be running.
RoslynAnalysisRunner has terminated.
Mono: successfully reloaded assembly
- Completed reload, in  0.985 seconds
Platform modules already initialized, skipping
========================================================================
Worker process is ready to serve import requests
Launched and connected shader compiler UnityShaderCompiler.exe after 0.06 seconds
Refreshing native plugins compatible for Editor in 0.53 ms, found 0 plugins.
Preloading 0 native plugins for Editor in 0.00 ms.
Unloading 1899 Unused Serialized files (Serialized files now loaded: 0)
System memory in use before: 82.5 MB.
System memory in use after: 82.5 MB.

Unloading 11 unused Assets to reduce memory usage. Loaded Objects now: 2347.
Total: 1.991000 ms (FindLiveObjects: 0.223300 ms CreateObjectMapping: 0.104700 ms MarkObjects: 1.592100 ms  DeleteObjects: 0.070100 ms)

========================================================================
Received Import Request.
  path: Assets/Scripts/SpaceshipInput.cs
  artifactKey: Guid(1fde6168e84d82b4780c2f6bbc11f06d) Importer(815301076,1909f56bfc062723c751e8b465ee728b)
Start importing Assets/Scripts/SpaceshipInput.cs using Guid(1fde6168e84d82b4780c2f6bbc11f06d) Importer(815301076,1909f56bfc062723c751e8b465ee728b)  -> (artifact id: '8ca79aea859c561dfde793f71daa82fd') in 0.039258 seconds
  Import took 0.043999 seconds .

========================================================================
Received Import Request.
  Time since last request: 11.234185 seconds.
  path: Assets/Scripts/SpaceshipInput.cs
  artifactKey: Guid(1fde6168e84d82b4780c2f6bbc11f06d) Importer(815301076,1909f56bfc062723c751e8b465ee728b)
Start importing Assets/Scripts/SpaceshipInput.cs using Guid(1fde6168e84d82b4780c2f6bbc11f06d) Importer(815301076,1909f56bfc062723c751e8b465ee728b)  -> (artifact id: 'fe73a643aa63bbde1ec904c99585dd3c') in 0.002623 seconds
  Import took 0.005854 seconds .

========================================================================
Received Prepare
Registering precompiled user dll's ...
Registered in 0.001520 seconds.
Begin MonoManager ReloadAssembly
Native extension for WindowsStandalone target not found
Refreshing native plugins compatible for Editor in 0.31 ms, found 0 plugins.
Preloading 0 native plugins for Editor in 0.00 ms.
Invoked RoslynAnalysisRunner static constructor.
RoslynAnalysisRunner will not be running.
RoslynAnalysisRunner has terminated.
Mono: successfully reloaded assembly
- Completed reload, in  0.909 seconds
Platform modules already initialized, skipping
Refreshing native plugins compatible for Editor in 0.31 ms, found 0 plugins.
Preloading 0 native plugins for Editor in 0.00 ms.
Unloading 1886 Unused Serialized files (Serialized files now loaded: 0)
System memory in use before: 82.2 MB.
System memory in use after: 82.3 MB.

Unloading 6 unused Assets to reduce memory usage. Loaded Objects now: 2349.
Total: 2.616500 ms (FindLiveObjects: 0.270900 ms CreateObjectMapping: 0.148300 ms MarkObjects: 2.135900 ms  DeleteObjects: 0.060300 ms)

========================================================================
Received Import Request.
  Time since last request: 21.303986 seconds.
  path: Assets/Scripts/SpaceshipInput.cs
  artifactKey: Guid(1fde6168e84d82b4780c2f6bbc11f06d) Importer(815301076,1909f56bfc062723c751e8b465ee728b)
Start importing Assets/Scripts/SpaceshipInput.cs using Guid(1fde6168e84d82b4780c2f6bbc11f06d) Importer(815301076,1909f56bfc062723c751e8b465ee728b)  -> (artifact id: '4e7213ff4c9eb4abe2a30aa7204fc5c7') in 0.004987 seconds
  Import took 0.007904 seconds .

========================================================================
Received Prepare
Registering precompiled user dll's ...
Registered in 0.001587 seconds.
Begin MonoManager ReloadAssembly
Native extension for WindowsStandalone target not found
Refreshing native plugins compatible for Editor in 0.30 ms, found 0 plugins.
Preloading 0 native plugins for Editor in 0.00 ms.
Invoked RoslynAnalysisRunner static constructor.
RoslynAnalysisRunner will not be running.
RoslynAnalysisRunner has terminated.
Mono: successfully reloaded assembly
- Completed reload, in  0.904 seconds
Platform modules already initialized, skipping
Refreshing native plugins compatible for Editor in 0.31 ms, found 0 plugins.
Preloading 0 native plugins for Editor in 0.00 ms.
Unloading 1886 Unused Serialized files (Serialized files now loaded: 0)
System memory in use before: 82.4 MB.
System memory in use after: 82.5 MB.

Unloading 6 unused Assets to reduce memory usage. Loaded Objects now: 2351.
Total: 1.875200 ms (FindLiveObjects: 0.192300 ms CreateObjectMapping: 0.084800 ms MarkObjects: 1.549600 ms  DeleteObjects: 0.046900 ms)

========================================================================
Received Import Request.
  Time since last request: 38.609800 seconds.
  path: Assets/Scripts/SpaceshipInput.cs
  artifactKey: Guid(1fde6168e84d82b4780c2f6bbc11f06d) Importer(815301076,1909f56bfc062723c751e8b465ee728b)
Start importing Assets/Scripts/SpaceshipInput.cs using Guid(1fde6168e84d82b4780c2f6bbc11f06d) Importer(815301076,1909f56bfc062723c751e8b465ee728b)  -> (artifact id: '1d33887c3be53bcc2f65c3902b3ecdf7') in 0.008298 seconds
  Import took 0.011255 seconds .

========================================================================
Received Prepare
Registering precompiled user dll's ...
Registered in 0.001563 seconds.
Begin MonoManager ReloadAssembly
Native extension for WindowsStandalone target not found
Refreshing native plugins compatible for Editor in 0.31 ms, found 0 plugins.
Preloading 0 native plugins for Editor in 0.00 ms.
Invoked RoslynAnalysisRunner static constructor.
RoslynAnalysisRunner will not be running.
RoslynAnalysisRunner has terminated.
Mono: successfully reloaded assembly
- Completed reload, in  0.883 seconds
Platform modules already initialized, skipping
Refreshing native plugins compatible for Editor in 0.31 ms, found 0 plugins.
Preloading 0 native plugins for Editor in 0.00 ms.
Unloading 1886 Unused Serialized files (Serialized files now loaded: 0)
System memory in use before: 83.1 MB.
System memory in use after: 83.2 MB.

Unloading 6 unused Assets to reduce memory usage. Loaded Objects now: 2353.
Total: 2.649600 ms (FindLiveObjects: 0.260600 ms CreateObjectMapping: 0.144600 ms MarkObjects: 2.191200 ms  DeleteObjects: 0.052200 ms)

========================================================================
Received Prepare
Registering precompiled user dll's ...
Registered in 0.001576 seconds.
Begin MonoManager ReloadAssembly
Native extension for WindowsStandalone target not found
Refreshing native plugins compatible for Editor in 0.32 ms, found 0 plugins.
Preloading 0 native plugins for Editor in 0.00 ms.
Invoked RoslynAnalysisRunner static constructor.
RoslynAnalysisRunner will not be running.
RoslynAnalysisRunner has terminated.
Mono: successfully reloaded assembly
- Completed reload, in  0.854 seconds
Platform modules already initialized, skipping
Refreshing native plugins compatible for Editor in 0.30 ms, found 0 plugins.
Preloading 0 native plugins for Editor in 0.00 ms.
Unloading 1886 Unused Serialized files (Serialized files now loaded: 0)
System memory in use before: 83.5 MB.
System memory in use after: 83.6 MB.

Unloading 6 unused Assets to reduce memory usage. Loaded Objects now: 2355.
Total: 2.166300 ms (FindLiveObjects: 0.202500 ms CreateObjectMapping: 0.088100 ms MarkObjects: 1.823900 ms  DeleteObjects: 0.050600 ms)

========================================================================
Received Prepare
Registering precompiled user dll's ...
Registered in 0.001471 seconds.
Begin MonoManager ReloadAssembly
Native extension for WindowsStandalone target not found
Refreshing native plugins compatible for Editor in 0.30 ms, found 0 plugins.
Preloading 0 native plugins for Editor in 0.00 ms.
Invoked RoslynAnalysisRunner static constructor.
RoslynAnalysisRunner will not be running.
RoslynAnalysisRunner has terminated.
Mono: successfully reloaded assembly
- Completed reload, in  0.949 seconds
Platform modules already initialized, skipping
Refreshing native plugins compatible for Editor in 0.32 ms, found 0 plugins.
Preloading 0 native plugins for Editor in 0.00 ms.
Unloading 1886 Unused Serialized files (Serialized files now loaded: 0)
System memory in use before: 82.9 MB.
System memory in use after: 83.0 MB.

Unloading 6 unused Assets to reduce memory usage. Loaded Objects now: 2357.
Total: 3.253500 ms (FindLiveObjects: 0.288900 ms CreateObjectMapping: 0.153100 ms MarkObjects: 2.746300 ms  DeleteObjects: 0.063200 ms)

========================================================================
Received Import Request.
  Time since last request: 40.389194 seconds.
  path: Assets/Scripts/SpaceshipInput.cs
  artifactKey: Guid(1fde6168e84d82b4780c2f6bbc11f06d) Importer(815301076,1909f56bfc062723c751e8b465ee728b)
Start importing Assets/Scripts/SpaceshipInput.cs using Guid(1fde6168e84d82b4780c2f6bbc11f06d) Importer(815301076,1909f56bfc062723c751e8b465ee728b)  -> (artifact id: '489e0c6d8cca4c715897af031b333f01') in 0.005147 seconds
  Import took 0.008024 seconds .

========================================================================
Received Prepare
Registering precompiled user dll's ...
Registered in 0.001436 seconds.
Begin MonoManager ReloadAssembly
Native extension for WindowsStandalone target not found
Refreshing native plugins compatible for Editor in 0.30 ms, found 0 plugins.
Preloading 0 native plugins for Editor in 0.00 ms.
Invoked RoslynAnalysisRunner static constructor.
RoslynAnalysisRunner will not be running.
RoslynAnalysisRunner has terminated.
Mono: successfully reloaded assembly
- Completed reload, in  0.868 seconds
Platform modules already initialized, skipping
Refreshing native plugins compatible for Editor in 0.31 ms, found 0 plugins.
Preloading 0 native plugins for Editor in 0.00 ms.
Unloading 1886 Unused Serialized files (Serialized files now loaded: 0)
System memory in use before: 83.3 MB.
System memory in use after: 83.4 MB.

Unloading 6 unused Assets to reduce memory usage. Loaded Objects now: 2359.
Total: 1.834600 ms (FindLiveObjects: 0.196600 ms CreateObjectMapping: 0.107300 ms MarkObjects: 1.486000 ms  DeleteObjects: 0.043900 ms)

========================================================================
Received Prepare
Registering precompiled user dll's ...
Registered in 0.001967 seconds.
Begin MonoManager ReloadAssembly
Native extension for WindowsStandalone target not found
Refreshing native plugins compatible for Editor in 0.31 ms, found 0 plugins.
Preloading 0 native plugins for Editor in 0.00 ms.
Invoked RoslynAnalysisRunner static constructor.
RoslynAnalysisRunner will not be running.
RoslynAnalysisRunner has terminated.
Mono: successfully reloaded assembly
- Completed reload, in  0.849 seconds
Platform modules already initialized, skipping
Refreshing native plugins compatible for Editor in 0.31 ms, found 0 plugins.
Preloading 0 native plugins for Editor in 0.00 ms.
Unloading 1886 Unused Serialized files (Serialized files now loaded: 0)
System memory in use before: 83.5 MB.
System memory in use after: 83.6 MB.

Unloading 6 unused Assets to reduce memory usage. Loaded Objects now: 2361.
Total: 3.068100 ms (FindLiveObjects: 0.312300 ms CreateObjectMapping: 0.155500 ms MarkObjects: 2.543300 ms  DeleteObjects: 0.055800 ms)

========================================================================
Received Prepare
Registering precompiled user dll's ...
Registered in 0.001968 seconds.
Begin MonoManager ReloadAssembly
Native extension for WindowsStandalone target not found
Refreshing native plugins compatible for Editor in 0.31 ms, found 0 plugins.
Preloading 0 native plugins for Editor in 0.00 ms.
Invoked RoslynAnalysisRunner static constructor.
RoslynAnalysisRunner will not be running.
RoslynAnalysisRunner has terminated.
Mono: successfully reloaded assembly
- Completed reload, in  0.850 seconds
Platform modules already initialized, skipping
Refreshing native plugins compatible for Editor in 0.32 ms, found 0 plugins.
Preloading 0 native plugins for Editor in 0.00 ms.
Unloading 1886 Unused Serialized files (Serialized files now loaded: 0)
System memory in use before: 83.1 MB.
System memory in use after: 83.2 MB.

Unloading 6 unused Assets to reduce memory usage. Loaded Objects now: 2363.
Total: 2.232800 ms (FindLiveObjects: 0.194800 ms CreateObjectMapping: 0.077400 ms MarkObjects: 1.912600 ms  DeleteObjects: 0.046900 ms)

========================================================================
Received Prepare
Registering precompiled user dll's ...
Registered in 0.001528 seconds.
Begin MonoManager ReloadAssembly
Native extension for WindowsStandalone target not found
Refreshing native plugins compatible for Editor in 0.30 ms, found 0 plugins.
Preloading 0 native plugins for Editor in 0.00 ms.
Invoked RoslynAnalysisRunner static constructor.
RoslynAnalysisRunner will not be running.
RoslynAnalysisRunner has terminated.
Mono: successfully reloaded assembly
- Completed reload, in  0.817 seconds
Platform modules already initialized, skipping
Refreshing native plugins compatible for Editor in 0.30 ms, found 0 plugins.
Preloading 0 native plugins for Editor in 0.00 ms.
Unloading 1886 Unused Serialized files (Serialized files now loaded: 0)
System memory in use before: 83.5 MB.
System memory in use after: 83.6 MB.

Unloading 6 unused Assets to reduce memory usage. Loaded Objects now: 2365.
Total: 1.994400 ms (FindLiveObjects: 0.185300 ms CreateObjectMapping: 0.067900 ms MarkObjects: 1.690000 ms  DeleteObjects: 0.049800 ms)

========================================================================
Received Prepare
Registering precompiled user dll's ...
Registered in 0.001698 seconds.
Begin MonoManager ReloadAssembly
Native extension for WindowsStandalone target not found
Refreshing native plugins compatible for Editor in 0.31 ms, found 0 plugins.
Preloading 0 native plugins for Editor in 0.00 ms.
Invoked RoslynAnalysisRunner static constructor.
RoslynAnalysisRunner will not be running.
RoslynAnalysisRunner has terminated.
Mono: successfully reloaded assembly
- Completed reload, in  0.879 seconds
Platform modules already initialized, skipping
Refreshing native plugins compatible for Editor in 0.31 ms, found 0 plugins.
Preloading 0 native plugins for Editor in 0.00 ms.
Unloading 1886 Unused Serialized files (Serialized files now loaded: 0)
System memory in use before: 82.9 MB.
System memory in use after: 83.0 MB.

Unloading 6 unused Assets to reduce memory usage. Loaded Objects now: 2367.
Total: 3.053200 ms (FindLiveObjects: 0.244400 ms CreateObjectMapping: 0.137800 ms MarkObjects: 2.613500 ms  DeleteObjects: 0.056200 ms)

========================================================================
Received Prepare
Registering precompiled user dll's ...
Registered in 0.001872 seconds.
Begin MonoManager ReloadAssembly
Native extension for WindowsStandalone target not found
Refreshing native plugins compatible for Editor in 0.31 ms, found 0 plugins.
Preloading 0 native plugins for Editor in 0.00 ms.
Invoked RoslynAnalysisRunner static constructor.
RoslynAnalysisRunner will not be running.
RoslynAnalysisRunner has terminated.
Mono: successfully reloaded assembly
- Completed reload, in  0.886 seconds
Platform modules already initialized, skipping
Refreshing native plugins compatible for Editor in 0.33 ms, found 0 plugins.
Preloading 0 native plugins for Editor in 0.00 ms.
Unloading 1886 Unused Serialized files (Serialized files now loaded: 0)
System memory in use before: 83.3 MB.
System memory in use after: 83.4 MB.

Unloading 6 unused Assets to reduce memory usage. Loaded Objects now: 2369.
Total: 2.103000 ms (FindLiveObjects: 0.303500 ms CreateObjectMapping: 0.145500 ms MarkObjects: 1.609600 ms  DeleteObjects: 0.043700 ms)

========================================================================
Received Prepare
Registering precompiled user dll's ...
Registered in 0.001509 seconds.
Begin MonoManager ReloadAssembly
Native extension for WindowsStandalone target not found
Refreshing native plugins compatible for Editor in 0.55 ms, found 0 plugins.
Preloading 0 native plugins for Editor in 0.00 ms.
Invoked RoslynAnalysisRunner static constructor.
RoslynAnalysisRunner will not be running.
RoslynAnalysisRunner has terminated.
Mono: successfully reloaded assembly
- Completed reload, in  0.835 seconds
Platform modules already initialized, skipping
Refreshing native plugins compatible for Editor in 0.30 ms, found 0 plugins.
Preloading 0 native plugins for Editor in 0.00 ms.
Unloading 1886 Unused Serialized files (Serialized files now loaded: 0)
System memory in use before: 83.5 MB.
System memory in use after: 83.6 MB.

Unloading 6 unused Assets to reduce memory usage. Loaded Objects now: 2371.
Total: 2.894800 ms (FindLiveObjects: 0.200700 ms CreateObjectMapping: 0.076400 ms MarkObjects: 2.566800 ms  DeleteObjects: 0.049900 ms)

========================================================================
Received Prepare
Registering precompiled user dll's ...
Registered in 0.001674 seconds.
Begin MonoManager ReloadAssembly
Native extension for WindowsStandalone target not found
Refreshing native plugins compatible for Editor in 0.30 ms, found 0 plugins.
Preloading 0 native plugins for Editor in 0.00 ms.
Invoked RoslynAnalysisRunner static constructor.
RoslynAnalysisRunner will not be running.
RoslynAnalysisRunner has terminated.
Mono: successfully reloaded assembly
- Completed reload, in  0.851 seconds
Platform modules already initialized, skipping
Refreshing native plugins compatible for Editor in 0.31 ms, found 0 plugins.
Preloading 0 native plugins for Editor in 0.00 ms.
Unloading 1886 Unused Serialized files (Serialized files now loaded: 0)
System memory in use before: 83.1 MB.
System memory in use after: 83.2 MB.

Unloading 6 unused Assets to reduce memory usage. Loaded Objects now: 2373.
Total: 2.066100 ms (FindLiveObjects: 0.228200 ms CreateObjectMapping: 0.100500 ms MarkObjects: 1.693100 ms  DeleteObjects: 0.043400 ms)

========================================================================
Received Prepare
Registering precompiled user dll's ...
Registered in 0.001519 seconds.
Begin MonoManager ReloadAssembly
Native extension for WindowsStandalone target not found
Refreshing native plugins compatible for Editor in 0.31 ms, found 0 plugins.
Preloading 0 native plugins for Editor in 0.00 ms.
Invoked RoslynAnalysisRunner static constructor.
RoslynAnalysisRunner will not be running.
RoslynAnalysisRunner has terminated.
Mono: successfully reloaded assembly
- Completed reload, in  0.867 seconds
Platform modules already initialized, skipping
Refreshing native plugins compatible for Editor in 0.31 ms, found 0 plugins.
Preloading 0 native plugins for Editor in 0.00 ms.
Unloading 1886 Unused Serialized files (Serialized files now loaded: 0)
System memory in use before: 83.5 MB.
System memory in use after: 83.6 MB.

Unloading 6 unused Assets to reduce memory usage. Loaded Objects now: 2375.
Total: 2.702500 ms (FindLiveObjects: 0.335300 ms CreateObjectMapping: 0.096100 ms MarkObjects: 2.202300 ms  DeleteObjects: 0.066700 ms)

========================================================================
Received Prepare
Registering precompiled user dll's ...
Registered in 0.001524 seconds.
Begin MonoManager ReloadAssembly
Native extension for WindowsStandalone target not found
Refreshing native plugins compatible for Editor in 0.31 ms, found 0 plugins.
Preloading 0 native plugins for Editor in 0.00 ms.
Invoked RoslynAnalysisRunner static constructor.
RoslynAnalysisRunner will not be running.
RoslynAnalysisRunner has terminated.
Mono: successfully reloaded assembly
- Completed reload, in  0.843 seconds
Platform modules already initialized, skipping
Refreshing native plugins compatible for Editor in 0.32 ms, found 0 plugins.
Preloading 0 native plugins for Editor in 0.00 ms.
Unloading 1886 Unused Serialized files (Serialized files now loaded: 0)
System memory in use before: 83.0 MB.
System memory in use after: 83.0 MB.

Unloading 6 unused Assets to reduce memory usage. Loaded Objects now: 2377.
Total: 2.056400 ms (FindLiveObjects: 0.264100 ms CreateObjectMapping: 0.097600 ms MarkObjects: 1.650100 ms  DeleteObjects: 0.043500 ms)

========================================================================
Received Prepare
Registering precompiled user dll's ...
Registered in 0.002104 seconds.
Begin MonoManager ReloadAssembly
Native extension for WindowsStandalone target not found
Refreshing native plugins compatible for Editor in 0.31 ms, found 0 plugins.
Preloading 0 native plugins for Editor in 0.00 ms.
Invoked RoslynAnalysisRunner static constructor.
RoslynAnalysisRunner will not be running.
RoslynAnalysisRunner has terminated.
Mono: successfully reloaded assembly
- Completed reload, in  0.821 seconds
Platform modules already initialized, skipping
Refreshing native plugins compatible for Editor in 0.31 ms, found 0 plugins.
Preloading 0 native plugins for Editor in 0.00 ms.
Unloading 1886 Unused Serialized files (Serialized files now loaded: 0)
System memory in use before: 83.4 MB.
System memory in use after: 83.4 MB.

Unloading 6 unused Assets to reduce memory usage. Loaded Objects now: 2379.
Total: 1.962000 ms (FindLiveObjects: 0.187200 ms CreateObjectMapping: 0.080300 ms MarkObjects: 1.645700 ms  DeleteObjects: 0.048200 ms)

========================================================================
Received Prepare
Registering precompiled user dll's ...
Registered in 0.001488 seconds.
Begin MonoManager ReloadAssembly
Native extension for WindowsStandalone target not found
Refreshing native plugins compatible for Editor in 0.32 ms, found 0 plugins.
Preloading 0 native plugins for Editor in 0.00 ms.
Invoked RoslynAnalysisRunner static constructor.
RoslynAnalysisRunner will not be running.
RoslynAnalysisRunner has terminated.
Mono: successfully reloaded assembly
- Completed reload, in  0.950 seconds
Platform modules already initialized, skipping
Refreshing native plugins compatible for Editor in 0.61 ms, found 0 plugins.
Preloading 0 native plugins for Editor in 0.00 ms.
Unloading 1886 Unused Serialized files (Serialized files now loaded: 0)
System memory in use before: 83.5 MB.
System memory in use after: 83.6 MB.

Unloading 6 unused Assets to reduce memory usage. Loaded Objects now: 2381.
Total: 2.460700 ms (FindLiveObjects: 0.240300 ms CreateObjectMapping: 0.078300 ms MarkObjects: 2.085600 ms  DeleteObjects: 0.055000 ms)

========================================================================
Received Prepare
Registering precompiled user dll's ...
Registered in 0.002066 seconds.
Begin MonoManager ReloadAssembly
Native extension for WindowsStandalone target not found
Refreshing native plugins compatible for Editor in 0.42 ms, found 0 plugins.
Preloading 0 native plugins for Editor in 0.00 ms.
Invoked RoslynAnalysisRunner static constructor.
RoslynAnalysisRunner will not be running.
RoslynAnalysisRunner has terminated.
Mono: successfully reloaded assembly
- Completed reload, in  0.869 seconds
Platform modules already initialized, skipping
Refreshing native plugins compatible for Editor in 0.47 ms, found 0 plugins.
Preloading 0 native plugins for Editor in 0.00 ms.
Unloading 1886 Unused Serialized files (Serialized files now loaded: 0)
System memory in use before: 83.2 MB.
System memory in use after: 83.3 MB.

Unloading 6 unused Assets to reduce memory usage. Loaded Objects now: 2383.
Total: 2.389400 ms (FindLiveObjects: 0.208600 ms CreateObjectMapping: 0.079300 ms MarkObjects: 2.050800 ms  DeleteObjects: 0.050000 ms)

========================================================================
Received Prepare
Registering precompiled user dll's ...
Registered in 0.001472 seconds.
Begin MonoManager ReloadAssembly
Native extension for WindowsStandalone target not found
Refreshing native plugins compatible for Editor in 0.31 ms, found 0 plugins.
Preloading 0 native plugins for Editor in 0.00 ms.
Invoked RoslynAnalysisRunner static constructor.
RoslynAnalysisRunner will not be running.
RoslynAnalysisRunner has terminated.
Mono: successfully reloaded assembly
- Completed reload, in  0.836 seconds
Platform modules already initialized, skipping
Refreshing native plugins compatible for Editor in 0.31 ms, found 0 plugins.
Preloading 0 native plugins for Editor in 0.00 ms.
Unloading 1886 Unused Serialized files (Serialized files now loaded: 0)
System memory in use before: 83.6 MB.
System memory in use after: 83.6 MB.

Unloading 6 unused Assets to reduce memory usage. Loaded Objects now: 2385.
Total: 2.780400 ms (FindLiveObjects: 0.389700 ms CreateObjectMapping: 0.083700 ms MarkObjects: 2.247400 ms  DeleteObjects: 0.058200 ms)

========================================================================
Received Prepare
Registering precompiled user dll's ...
Registered in 0.001551 seconds.
Begin MonoManager ReloadAssembly
Native extension for WindowsStandalone target not found
Refreshing native plugins compatible for Editor in 0.41 ms, found 0 plugins.
Preloading 0 native plugins for Editor in 0.00 ms.
Invoked RoslynAnalysisRunner static constructor.
RoslynAnalysisRunner will not be running.
RoslynAnalysisRunner has terminated.
Mono: successfully reloaded assembly
- Completed reload, in  0.857 seconds
Platform modules already initialized, skipping
Refreshing native plugins compatible for Editor in 0.30 ms, found 0 plugins.
Preloading 0 native plugins for Editor in 0.00 ms.
Unloading 1886 Unused Serialized files (Serialized files now loaded: 0)
System memory in use before: 83.0 MB.
System memory in use after: 83.1 MB.

Unloading 6 unused Assets to reduce memory usage. Loaded Objects now: 2387.
Total: 2.092200 ms (FindLiveObjects: 0.317200 ms CreateObjectMapping: 0.116500 ms MarkObjects: 1.609500 ms  DeleteObjects: 0.048100 ms)

========================================================================
Received Prepare
Registering precompiled user dll's ...
Registered in 0.001611 seconds.
Begin MonoManager ReloadAssembly
Native extension for WindowsStandalone target not found
Refreshing native plugins compatible for Editor in 0.30 ms, found 0 plugins.
Preloading 0 native plugins for Editor in 0.00 ms.
Invoked RoslynAnalysisRunner static constructor.
RoslynAnalysisRunner will not be running.
RoslynAnalysisRunner has terminated.
Mono: successfully reloaded assembly
- Completed reload, in  0.852 seconds
Platform modules already initialized, skipping
Refreshing native plugins compatible for Editor in 0.31 ms, found 0 plugins.
Preloading 0 native plugins for Editor in 0.00 ms.
Unloading 1886 Unused Serialized files (Serialized files now loaded: 0)
System memory in use before: 83.4 MB.
System memory in use after: 83.5 MB.

Unloading 6 unused Assets to reduce memory usage. Loaded Objects now: 2389.
Total: 1.943700 ms (FindLiveObjects: 0.175600 ms CreateObjectMapping: 0.065800 ms MarkObjects: 1.654300 ms  DeleteObjects: 0.047100 ms)

========================================================================
Received Prepare
Registering precompiled user dll's ...
Registered in 0.001511 seconds.
Begin MonoManager ReloadAssembly
Native extension for WindowsStandalone target not found
Refreshing native plugins compatible for Editor in 0.58 ms, found 0 plugins.
Preloading 0 native plugins for Editor in 0.00 ms.
Invoked RoslynAnalysisRunner static constructor.
RoslynAnalysisRunner will not be running.
RoslynAnalysisRunner has terminated.
Mono: successfully reloaded assembly
- Completed reload, in  0.851 seconds
Platform modules already initialized, skipping
Refreshing native plugins compatible for Editor in 0.31 ms, found 0 plugins.
Preloading 0 native plugins for Editor in 0.00 ms.
Unloading 1886 Unused Serialized files (Serialized files now loaded: 0)
System memory in use before: 83.6 MB.
System memory in use after: 83.7 MB.

Unloading 6 unused Assets to reduce memory usage. Loaded Objects now: 2391.
Total: 2.208200 ms (FindLiveObjects: 0.243600 ms CreateObjectMapping: 0.151800 ms MarkObjects: 1.760300 ms  DeleteObjects: 0.051400 ms)

========================================================================
Received Prepare
Registering precompiled user dll's ...
Registered in 0.001579 seconds.
Begin MonoManager ReloadAssembly
Native extension for WindowsStandalone target not found
Refreshing native plugins compatible for Editor in 0.32 ms, found 0 plugins.
Preloading 0 native plugins for Editor in 0.00 ms.
Invoked RoslynAnalysisRunner static constructor.
RoslynAnalysisRunner will not be running.
RoslynAnalysisRunner has terminated.
Mono: successfully reloaded assembly
- Completed reload, in  0.901 seconds
Platform modules already initialized, skipping
Refreshing native plugins compatible for Editor in 0.45 ms, found 0 plugins.
Preloading 0 native plugins for Editor in 0.00 ms.
Unloading 1886 Unused Serialized files (Serialized files now loaded: 0)
System memory in use before: 83.2 MB.
System memory in use after: 83.3 MB.

Unloading 6 unused Assets to reduce memory usage. Loaded Objects now: 2393.
Total: 2.010500 ms (FindLiveObjects: 0.207000 ms CreateObjectMapping: 0.084200 ms MarkObjects: 1.669400 ms  DeleteObjects: 0.048800 ms)

========================================================================
Received Prepare
Registering precompiled user dll's ...
Registered in 0.001885 seconds.
Begin MonoManager ReloadAssembly
Native extension for WindowsStandalone target not found
Refreshing native plugins compatible for Editor in 0.34 ms, found 0 plugins.
Preloading 0 native plugins for Editor in 0.00 ms.
Invoked RoslynAnalysisRunner static constructor.
RoslynAnalysisRunner will not be running.
RoslynAnalysisRunner has terminated.
Mono: successfully reloaded assembly
- Completed reload, in  0.840 seconds
Platform modules already initialized, skipping
Refreshing native plugins compatible for Editor in 0.44 ms, found 0 plugins.
Preloading 0 native plugins for Editor in 0.00 ms.
Unloading 1886 Unused Serialized files (Serialized files now loaded: 0)
System memory in use before: 83.6 MB.
System memory in use after: 83.7 MB.

Unloading 6 unused Assets to reduce memory usage. Loaded Objects now: 2395.
Total: 2.030200 ms (FindLiveObjects: 0.198000 ms CreateObjectMapping: 0.080900 ms MarkObjects: 1.695700 ms  DeleteObjects: 0.054100 ms)

========================================================================
Received Prepare
Registering precompiled user dll's ...
Registered in 0.001503 seconds.
Begin MonoManager ReloadAssembly
Native extension for WindowsStandalone target not found
Refreshing native plugins compatible for Editor in 0.31 ms, found 0 plugins.
Preloading 0 native plugins for Editor in 0.00 ms.
Invoked RoslynAnalysisRunner static constructor.
RoslynAnalysisRunner will not be running.
RoslynAnalysisRunner has terminated.
Mono: successfully reloaded assembly
- Completed reload, in  0.837 seconds
Platform modules already initialized, skipping
Refreshing native plugins compatible for Editor in 0.30 ms, found 0 plugins.
Preloading 0 native plugins for Editor in 0.00 ms.
Unloading 1886 Unused Serialized files (Serialized files now loaded: 0)
System memory in use before: 83.0 MB.
System memory in use after: 83.1 MB.

Unloading 6 unused Assets to reduce memory usage. Loaded Objects now: 2397.
Total: 2.074000 ms (FindLiveObjects: 0.345400 ms CreateObjectMapping: 0.129200 ms MarkObjects: 1.552400 ms  DeleteObjects: 0.045900 ms)

========================================================================
Received Prepare
Registering precompiled user dll's ...
Registered in 0.001512 seconds.
Begin MonoManager ReloadAssembly
Native extension for WindowsStandalone target not found
Refreshing native plugins compatible for Editor in 0.31 ms, found 0 plugins.
Preloading 0 native plugins for Editor in 0.00 ms.
Invoked RoslynAnalysisRunner static constructor.
RoslynAnalysisRunner will not be running.
RoslynAnalysisRunner has terminated.
Mono: successfully reloaded assembly
- Completed reload, in  0.846 seconds
Platform modules already initialized, skipping
Refreshing native plugins compatible for Editor in 0.30 ms, found 0 plugins.
Preloading 0 native plugins for Editor in 0.00 ms.
Unloading 1886 Unused Serialized files (Serialized files now loaded: 0)
System memory in use before: 83.4 MB.
System memory in use after: 83.5 MB.

Unloading 6 unused Assets to reduce memory usage. Loaded Objects now: 2399.
Total: 2.132100 ms (FindLiveObjects: 0.195400 ms CreateObjectMapping: 0.074500 ms MarkObjects: 1.805300 ms  DeleteObjects: 0.055900 ms)

========================================================================
Received Prepare
Registering precompiled user dll's ...
Registered in 0.001458 seconds.
Begin MonoManager ReloadAssembly
Native extension for WindowsStandalone target not found
Refreshing native plugins compatible for Editor in 0.31 ms, found 0 plugins.
Preloading 0 native plugins for Editor in 0.00 ms.
Invoked RoslynAnalysisRunner static constructor.
RoslynAnalysisRunner will not be running.
RoslynAnalysisRunner has terminated.
Mono: successfully reloaded assembly
- Completed reload, in  0.849 seconds
Platform modules already initialized, skipping
Refreshing native plugins compatible for Editor in 0.34 ms, found 0 plugins.
Preloading 0 native plugins for Editor in 0.00 ms.
Unloading 1886 Unused Serialized files (Serialized files now loaded: 0)
System memory in use before: 83.6 MB.
System memory in use after: 83.7 MB.

Unloading 6 unused Assets to reduce memory usage. Loaded Objects now: 2401.
Total: 4.149000 ms (FindLiveObjects: 0.541200 ms CreateObjectMapping: 0.156700 ms MarkObjects: 3.359200 ms  DeleteObjects: 0.089500 ms)

========================================================================
Received Prepare
Registering precompiled user dll's ...
Registered in 0.001469 seconds.
Begin MonoManager ReloadAssembly
Native extension for WindowsStandalone target not found
Refreshing native plugins compatible for Editor in 0.32 ms, found 0 plugins.
Preloading 0 native plugins for Editor in 0.00 ms.
Invoked RoslynAnalysisRunner static constructor.
RoslynAnalysisRunner will not be running.
RoslynAnalysisRunner has terminated.
Mono: successfully reloaded assembly
- Completed reload, in  0.817 seconds
Platform modules already initialized, skipping
Refreshing native plugins compatible for Editor in 0.37 ms, found 0 plugins.
Preloading 0 native plugins for Editor in 0.00 ms.
Unloading 1886 Unused Serialized files (Serialized files now loaded: 0)
System memory in use before: 83.2 MB.
System memory in use after: 83.3 MB.

Unloading 6 unused Assets to reduce memory usage. Loaded Objects now: 2403.
Total: 2.474000 ms (FindLiveObjects: 0.229900 ms CreateObjectMapping: 0.096300 ms MarkObjects: 2.092100 ms  DeleteObjects: 0.054600 ms)

========================================================================
Received Prepare
Registering precompiled user dll's ...
Registered in 0.001663 seconds.
Begin MonoManager ReloadAssembly
Native extension for WindowsStandalone target not found
Refreshing native plugins compatible for Editor in 0.31 ms, found 0 plugins.
Preloading 0 native plugins for Editor in 0.00 ms.
Invoked RoslynAnalysisRunner static constructor.
RoslynAnalysisRunner will not be running.
RoslynAnalysisRunner has terminated.
Mono: successfully reloaded assembly
- Completed reload, in  0.839 seconds
Platform modules already initialized, skipping
Refreshing native plugins compatible for Editor in 0.31 ms, found 0 plugins.
Preloading 0 native plugins for Editor in 0.00 ms.
Unloading 1886 Unused Serialized files (Serialized files now loaded: 0)
System memory in use before: 83.6 MB.
System memory in use after: 83.7 MB.

Unloading 6 unused Assets to reduce memory usage. Loaded Objects now: 2405.
Total: 2.013100 ms (FindLiveObjects: 0.191500 ms CreateObjectMapping: 0.074000 ms MarkObjects: 1.694900 ms  DeleteObjects: 0.051700 ms)

========================================================================
Received Prepare
Registering precompiled user dll's ...
Registered in 0.001520 seconds.
Begin MonoManager ReloadAssembly
Native extension for WindowsStandalone target not found
Refreshing native plugins compatible for Editor in 0.47 ms, found 0 plugins.
Preloading 0 native plugins for Editor in 0.00 ms.
Invoked RoslynAnalysisRunner static constructor.
RoslynAnalysisRunner will not be running.
RoslynAnalysisRunner has terminated.
Mono: successfully reloaded assembly
- Completed reload, in  0.984 seconds
Platform modules already initialized, skipping
Refreshing native plugins compatible for Editor in 0.34 ms, found 0 plugins.
Preloading 0 native plugins for Editor in 0.00 ms.
Unloading 1886 Unused Serialized files (Serialized files now loaded: 0)
System memory in use before: 83.0 MB.
System memory in use after: 83.1 MB.

Unloading 6 unused Assets to reduce memory usage. Loaded Objects now: 2407.
Total: 2.002600 ms (FindLiveObjects: 0.211700 ms CreateObjectMapping: 0.078500 ms MarkObjects: 1.655200 ms  DeleteObjects: 0.055800 ms)

========================================================================
Received Prepare
Registering precompiled user dll's ...
Registered in 0.002014 seconds.
Begin MonoManager ReloadAssembly
Native extension for WindowsStandalone target not found
Refreshing native plugins compatible for Editor in 0.30 ms, found 0 plugins.
Preloading 0 native plugins for Editor in 0.00 ms.
Invoked RoslynAnalysisRunner static constructor.
RoslynAnalysisRunner will not be running.
RoslynAnalysisRunner has terminated.
Mono: successfully reloaded assembly
- Completed reload, in  0.883 seconds
Platform modules already initialized, skipping
Refreshing native plugins compatible for Editor in 0.31 ms, found 0 plugins.
Preloading 0 native plugins for Editor in 0.00 ms.
Unloading 1886 Unused Serialized files (Serialized files now loaded: 0)
System memory in use before: 83.4 MB.
System memory in use after: 83.5 MB.

Unloading 6 unused Assets to reduce memory usage. Loaded Objects now: 2409.
Total: 1.961300 ms (FindLiveObjects: 0.194100 ms CreateObjectMapping: 0.075800 ms MarkObjects: 1.642800 ms  DeleteObjects: 0.048000 ms)

========================================================================
Received Prepare
Registering precompiled user dll's ...
Registered in 0.001478 seconds.
Begin MonoManager ReloadAssembly
Native extension for WindowsStandalone target not found
Refreshing native plugins compatible for Editor in 0.39 ms, found 0 plugins.
Preloading 0 native plugins for Editor in 0.00 ms.
Invoked RoslynAnalysisRunner static constructor.
RoslynAnalysisRunner will not be running.
RoslynAnalysisRunner has terminated.
Mono: successfully reloaded assembly
- Completed reload, in  0.860 seconds
Platform modules already initialized, skipping
Refreshing native plugins compatible for Editor in 0.30 ms, found 0 plugins.
Preloading 0 native plugins for Editor in 0.00 ms.
Unloading 1886 Unused Serialized files (Serialized files now loaded: 0)
System memory in use before: 83.6 MB.
System memory in use after: 83.7 MB.

Unloading 6 unused Assets to reduce memory usage. Loaded Objects now: 2411.
Total: 2.237100 ms (FindLiveObjects: 0.286200 ms CreateObjectMapping: 0.123200 ms MarkObjects: 1.778500 ms  DeleteObjects: 0.047800 ms)

========================================================================
Received Import Request.
  Time since last request: 2565.027699 seconds.
  path: Assets/FighterPrefabs/FighterMediumPrefab.prefab
  artifactKey: Guid(2121120e731eda841a6c7793e7337aa5) Importer(815301076,1909f56bfc062723c751e8b465ee728b)
Start importing Assets/FighterPrefabs/FighterMediumPrefab.prefab using Guid(2121120e731eda841a6c7793e7337aa5) Importer(815301076,1909f56bfc062723c751e8b465ee728b)  -> (artifact id: 'de36161dbfa3a0fc42a7c987794fea24') in 0.102826 seconds
  Import took 0.106852 seconds .

========================================================================
Received Import Request.
  Time since last request: 52.559219 seconds.
  path: Assets/Resources/Prefabs/Frog/Astronaut_Frog.prefab
  artifactKey: Guid(24dd5c942f783414a8e79d5823cb527f) Importer(815301076,1909f56bfc062723c751e8b465ee728b)
Start importing Assets/Resources/Prefabs/Frog/Astronaut_Frog.prefab using Guid(24dd5c942f783414a8e79d5823cb527f) Importer(815301076,1909f56bfc062723c751e8b465ee728b)  -> (artifact id: 'a6d1502987317d5f66ff9b70e7d50753') in 0.022215 seconds
  Import took 0.025601 seconds .

========================================================================
Received Import Request.
  Time since last request: 0.000287 seconds.
  path: Assets/Resources/Prefabs/Frog/Player.prefab
  artifactKey: Guid(3678011f8a52eaa4abd47b56794fd0bc) Importer(815301076,1909f56bfc062723c751e8b465ee728b)
Start importing Assets/Resources/Prefabs/Frog/Player.prefab using Guid(3678011f8a52eaa4abd47b56794fd0bc) Importer(815301076,1909f56bfc062723c751e8b465ee728b)  -> (artifact id: '0610b38fe67a4705ce65e07ca1b644a5') in 0.028145 seconds
  Import took 0.031005 seconds .

========================================================================
Received Prepare
Registering precompiled user dll's ...
Registered in 0.001502 seconds.
Begin MonoManager ReloadAssembly
Native extension for WindowsStandalone target not found
Refreshing native plugins compatible for Editor in 0.32 ms, found 0 plugins.
Preloading 0 native plugins for Editor in 0.00 ms.
Invoked RoslynAnalysisRunner static constructor.
RoslynAnalysisRunner will not be running.
RoslynAnalysisRunner has terminated.
Mono: successfully reloaded assembly
- Completed reload, in  0.850 seconds
Platform modules already initialized, skipping
Refreshing native plugins compatible for Editor in 0.31 ms, found 0 plugins.
Preloading 0 native plugins for Editor in 0.00 ms.
Unloading 1886 Unused Serialized files (Serialized files now loaded: 0)
System memory in use before: 86.6 MB.
System memory in use after: 86.7 MB.

Unloading 6 unused Assets to reduce memory usage. Loaded Objects now: 2421.
Total: 1.822500 ms (FindLiveObjects: 0.195600 ms CreateObjectMapping: 0.073100 ms MarkObjects: 1.506000 ms  DeleteObjects: 0.047000 ms)

========================================================================
Received Prepare
Registering precompiled user dll's ...
Registered in 0.001650 seconds.
Begin MonoManager ReloadAssembly
Native extension for WindowsStandalone target not found
Refreshing native plugins compatible for Editor in 0.30 ms, found 0 plugins.
Preloading 0 native plugins for Editor in 0.00 ms.
Invoked RoslynAnalysisRunner static constructor.
RoslynAnalysisRunner will not be running.
RoslynAnalysisRunner has terminated.
Mono: successfully reloaded assembly
- Completed reload, in  0.826 seconds
Platform modules already initialized, skipping
Refreshing native plugins compatible for Editor in 0.30 ms, found 0 plugins.
Preloading 0 native plugins for Editor in 0.00 ms.
Unloading 1887 Unused Serialized files (Serialized files now loaded: 0)
System memory in use before: 87.0 MB.
System memory in use after: 87.1 MB.

Unloading 6 unused Assets to reduce memory usage. Loaded Objects now: 2424.
Total: 2.228000 ms (FindLiveObjects: 0.221600 ms CreateObjectMapping: 0.083900 ms MarkObjects: 1.868600 ms  DeleteObjects: 0.052900 ms)

========================================================================
Received Import Request.
  Time since last request: 323.356652 seconds.
  path: Assets/Scripts/Crosshairs.cs
  artifactKey: Guid(91c2d1d0debef5048a16e19716094788) Importer(815301076,1909f56bfc062723c751e8b465ee728b)
Start importing Assets/Scripts/Crosshairs.cs using Guid(91c2d1d0debef5048a16e19716094788) Importer(815301076,1909f56bfc062723c751e8b465ee728b)  -> (artifact id: '0d3a654cd7211403149ccaca8ada9aa4') in 0.010361 seconds
  Import took 0.013340 seconds .

========================================================================
Received Prepare
Registering precompiled user dll's ...
Registered in 0.001785 seconds.
Begin MonoManager ReloadAssembly
Native extension for WindowsStandalone target not found
Refreshing native plugins compatible for Editor in 0.38 ms, found 0 plugins.
Preloading 0 native plugins for Editor in 0.00 ms.
Invoked RoslynAnalysisRunner static constructor.
RoslynAnalysisRunner will not be running.
RoslynAnalysisRunner has terminated.
Mono: successfully reloaded assembly
- Completed reload, in  0.834 seconds
Platform modules already initialized, skipping
Refreshing native plugins compatible for Editor in 0.30 ms, found 0 plugins.
Preloading 0 native plugins for Editor in 0.00 ms.
Unloading 1887 Unused Serialized files (Serialized files now loaded: 0)
System memory in use before: 86.5 MB.
System memory in use after: 86.6 MB.

Unloading 6 unused Assets to reduce memory usage. Loaded Objects now: 2426.
Total: 1.949300 ms (FindLiveObjects: 0.220300 ms CreateObjectMapping: 0.105800 ms MarkObjects: 1.573200 ms  DeleteObjects: 0.048800 ms)

========================================================================
Received Prepare
Registering precompiled user dll's ...
Registered in 0.001816 seconds.
Begin MonoManager ReloadAssembly
Native extension for WindowsStandalone target not found
Refreshing native plugins compatible for Editor in 0.31 ms, found 0 plugins.
Preloading 0 native plugins for Editor in 0.00 ms.
Invoked RoslynAnalysisRunner static constructor.
RoslynAnalysisRunner will not be running.
RoslynAnalysisRunner has terminated.
Mono: successfully reloaded assembly
- Completed reload, in  0.848 seconds
Platform modules already initialized, skipping
Refreshing native plugins compatible for Editor in 0.31 ms, found 0 plugins.
Preloading 0 native plugins for Editor in 0.00 ms.
Unloading 1887 Unused Serialized files (Serialized files now loaded: 0)
System memory in use before: 86.9 MB.
System memory in use after: 87.0 MB.

Unloading 6 unused Assets to reduce memory usage. Loaded Objects now: 2428.
Total: 2.063900 ms (FindLiveObjects: 0.190400 ms CreateObjectMapping: 0.072900 ms MarkObjects: 1.740100 ms  DeleteObjects: 0.059500 ms)

========================================================================
Received Prepare
Registering precompiled user dll's ...
Registered in 0.001695 seconds.
Begin MonoManager ReloadAssembly
Native extension for WindowsStandalone target not found
Refreshing native plugins compatible for Editor in 0.31 ms, found 0 plugins.
Preloading 0 native plugins for Editor in 0.00 ms.
Invoked RoslynAnalysisRunner static constructor.
RoslynAnalysisRunner will not be running.
RoslynAnalysisRunner has terminated.
Mono: successfully reloaded assembly
- Completed reload, in  0.863 seconds
Platform modules already initialized, skipping
Refreshing native plugins compatible for Editor in 0.32 ms, found 0 plugins.
Preloading 0 native plugins for Editor in 0.00 ms.
Unloading 1887 Unused Serialized files (Serialized files now loaded: 0)
System memory in use before: 87.0 MB.
System memory in use after: 87.1 MB.

Unloading 6 unused Assets to reduce memory usage. Loaded Objects now: 2430.
Total: 1.850200 ms (FindLiveObjects: 0.226900 ms CreateObjectMapping: 0.072500 ms MarkObjects: 1.505400 ms  DeleteObjects: 0.044200 ms)

========================================================================
Received Prepare
Registering precompiled user dll's ...
Registered in 0.001672 seconds.
Begin MonoManager ReloadAssembly
Native extension for WindowsStandalone target not found
Refreshing native plugins compatible for Editor in 0.37 ms, found 0 plugins.
Preloading 0 native plugins for Editor in 0.00 ms.
Invoked RoslynAnalysisRunner static constructor.
RoslynAnalysisRunner will not be running.
RoslynAnalysisRunner has terminated.
Mono: successfully reloaded assembly
- Completed reload, in  0.970 seconds
Platform modules already initialized, skipping
Refreshing native plugins compatible for Editor in 0.31 ms, found 0 plugins.
Preloading 0 native plugins for Editor in 0.00 ms.
Unloading 1887 Unused Serialized files (Serialized files now loaded: 0)
System memory in use before: 86.7 MB.
System memory in use after: 86.8 MB.

Unloading 6 unused Assets to reduce memory usage. Loaded Objects now: 2432.
Total: 2.248500 ms (FindLiveObjects: 0.374400 ms CreateObjectMapping: 0.173000 ms MarkObjects: 1.647900 ms  DeleteObjects: 0.052200 ms)

========================================================================
Received Prepare
Registering precompiled user dll's ...
Registered in 0.001493 seconds.
Begin MonoManager ReloadAssembly
Native extension for WindowsStandalone target not found
Refreshing native plugins compatible for Editor in 0.30 ms, found 0 plugins.
Preloading 0 native plugins for Editor in 0.00 ms.
Invoked RoslynAnalysisRunner static constructor.
RoslynAnalysisRunner will not be running.
RoslynAnalysisRunner has terminated.
Mono: successfully reloaded assembly
- Completed reload, in  0.829 seconds
Platform modules already initialized, skipping
Refreshing native plugins compatible for Editor in 0.30 ms, found 0 plugins.
Preloading 0 native plugins for Editor in 0.00 ms.
Unloading 1887 Unused Serialized files (Serialized files now loaded: 0)
System memory in use before: 87.0 MB.
System memory in use after: 87.1 MB.

Unloading 6 unused Assets to reduce memory usage. Loaded Objects now: 2434.
Total: 2.174400 ms (FindLiveObjects: 0.291100 ms CreateObjectMapping: 0.089600 ms MarkObjects: 1.730700 ms  DeleteObjects: 0.061900 ms)

========================================================================
Received Prepare
Registering precompiled user dll's ...
Registered in 0.001518 seconds.
Begin MonoManager ReloadAssembly
Native extension for WindowsStandalone target not found
Refreshing native plugins compatible for Editor in 0.30 ms, found 0 plugins.
Preloading 0 native plugins for Editor in 0.00 ms.
Invoked RoslynAnalysisRunner static constructor.
RoslynAnalysisRunner will not be running.
RoslynAnalysisRunner has terminated.
Mono: successfully reloaded assembly
- Completed reload, in  0.836 seconds
Platform modules already initialized, skipping
Refreshing native plugins compatible for Editor in 0.30 ms, found 0 plugins.
Preloading 0 native plugins for Editor in 0.00 ms.
Unloading 1887 Unused Serialized files (Serialized files now loaded: 0)
System memory in use before: 86.6 MB.
System memory in use after: 86.6 MB.

Unloading 6 unused Assets to reduce memory usage. Loaded Objects now: 2436.
Total: 2.032800 ms (FindLiveObjects: 0.249300 ms CreateObjectMapping: 0.077800 ms MarkObjects: 1.637400 ms  DeleteObjects: 0.067200 ms)

========================================================================
Received Prepare
Registering precompiled user dll's ...
Registered in 0.001557 seconds.
Begin MonoManager ReloadAssembly
Native extension for WindowsStandalone target not found
Refreshing native plugins compatible for Editor in 0.31 ms, found 0 plugins.
Preloading 0 native plugins for Editor in 0.00 ms.
Invoked RoslynAnalysisRunner static constructor.
RoslynAnalysisRunner will not be running.
RoslynAnalysisRunner has terminated.
Mono: successfully reloaded assembly
- Completed reload, in  0.844 seconds
Platform modules already initialized, skipping
Refreshing native plugins compatible for Editor in 0.34 ms, found 0 plugins.
Preloading 0 native plugins for Editor in 0.00 ms.
Unloading 1887 Unused Serialized files (Serialized files now loaded: 0)
System memory in use before: 87.0 MB.
System memory in use after: 87.1 MB.

Unloading 6 unused Assets to reduce memory usage. Loaded Objects now: 2438.
Total: 1.887800 ms (FindLiveObjects: 0.187500 ms CreateObjectMapping: 0.069000 ms MarkObjects: 1.584700 ms  DeleteObjects: 0.045900 ms)

========================================================================
Received Prepare
Registering precompiled user dll's ...
Registered in 0.003197 seconds.
Begin MonoManager ReloadAssembly
Native extension for WindowsStandalone target not found
Refreshing native plugins compatible for Editor in 0.30 ms, found 0 plugins.
Preloading 0 native plugins for Editor in 0.00 ms.
Invoked RoslynAnalysisRunner static constructor.
RoslynAnalysisRunner will not be running.
RoslynAnalysisRunner has terminated.
Mono: successfully reloaded assembly
- Completed reload, in  0.860 seconds
Platform modules already initialized, skipping
Refreshing native plugins compatible for Editor in 0.30 ms, found 0 plugins.
Preloading 0 native plugins for Editor in 0.00 ms.
Unloading 1887 Unused Serialized files (Serialized files now loaded: 0)
System memory in use before: 87.1 MB.
System memory in use after: 87.2 MB.

Unloading 6 unused Assets to reduce memory usage. Loaded Objects now: 2440.
Total: 2.060600 ms (FindLiveObjects: 0.184300 ms CreateObjectMapping: 0.084900 ms MarkObjects: 1.744300 ms  DeleteObjects: 0.045900 ms)

========================================================================
Received Prepare
Registering precompiled user dll's ...
Registered in 0.001881 seconds.
Begin MonoManager ReloadAssembly
Native extension for WindowsStandalone target not found
Refreshing native plugins compatible for Editor in 0.31 ms, found 0 plugins.
Preloading 0 native plugins for Editor in 0.00 ms.
Invoked RoslynAnalysisRunner static constructor.
RoslynAnalysisRunner will not be running.
RoslynAnalysisRunner has terminated.
Mono: successfully reloaded assembly
- Completed reload, in  0.810 seconds
Platform modules already initialized, skipping
Refreshing native plugins compatible for Editor in 0.35 ms, found 0 plugins.
Preloading 0 native plugins for Editor in 0.00 ms.
Unloading 1887 Unused Serialized files (Serialized files now loaded: 0)
System memory in use before: 86.8 MB.
System memory in use after: 86.9 MB.

Unloading 6 unused Assets to reduce memory usage. Loaded Objects now: 2442.
Total: 2.241700 ms (FindLiveObjects: 0.300500 ms CreateObjectMapping: 0.098900 ms MarkObjects: 1.783200 ms  DeleteObjects: 0.058300 ms)

========================================================================
Received Prepare
Registering precompiled user dll's ...
Registered in 0.001475 seconds.
Begin MonoManager ReloadAssembly
Native extension for WindowsStandalone target not found
Refreshing native plugins compatible for Editor in 0.33 ms, found 0 plugins.
Preloading 0 native plugins for Editor in 0.00 ms.
Invoked RoslynAnalysisRunner static constructor.
RoslynAnalysisRunner will not be running.
RoslynAnalysisRunner has terminated.
Mono: successfully reloaded assembly
- Completed reload, in  0.853 seconds
Platform modules already initialized, skipping
Refreshing native plugins compatible for Editor in 0.33 ms, found 0 plugins.
Preloading 0 native plugins for Editor in 0.00 ms.
Unloading 1887 Unused Serialized files (Serialized files now loaded: 0)
System memory in use before: 87.1 MB.
System memory in use after: 87.2 MB.

Unloading 6 unused Assets to reduce memory usage. Loaded Objects now: 2444.
Total: 2.185900 ms (FindLiveObjects: 0.321000 ms CreateObjectMapping: 0.122000 ms MarkObjects: 1.688800 ms  DeleteObjects: 0.053100 ms)

========================================================================
Received Prepare
Registering precompiled user dll's ...
Registered in 0.002072 seconds.
Begin MonoManager ReloadAssembly
Native extension for WindowsStandalone target not found
Refreshing native plugins compatible for Editor in 0.33 ms, found 0 plugins.
Preloading 0 native plugins for Editor in 0.00 ms.
Invoked RoslynAnalysisRunner static constructor.
RoslynAnalysisRunner will not be running.
RoslynAnalysisRunner has terminated.
Mono: successfully reloaded assembly
- Completed reload, in  0.846 seconds
Platform modules already initialized, skipping
Refreshing native plugins compatible for Editor in 0.30 ms, found 0 plugins.
Preloading 0 native plugins for Editor in 0.00 ms.
Unloading 1887 Unused Serialized files (Serialized files now loaded: 0)
System memory in use before: 86.6 MB.
System memory in use after: 86.7 MB.

Unloading 6 unused Assets to reduce memory usage. Loaded Objects now: 2446.
Total: 2.352100 ms (FindLiveObjects: 0.274600 ms CreateObjectMapping: 0.096600 ms MarkObjects: 1.931800 ms  DeleteObjects: 0.048000 ms)

========================================================================
Received Prepare
Registering precompiled user dll's ...
Registered in 0.001801 seconds.
Begin MonoManager ReloadAssembly
Native extension for WindowsStandalone target not found
Refreshing native plugins compatible for Editor in 0.33 ms, found 0 plugins.
Preloading 0 native plugins for Editor in 0.00 ms.
Invoked RoslynAnalysisRunner static constructor.
RoslynAnalysisRunner will not be running.
RoslynAnalysisRunner has terminated.
Mono: successfully reloaded assembly
- Completed reload, in  0.980 seconds
Platform modules already initialized, skipping
Refreshing native plugins compatible for Editor in 0.31 ms, found 0 plugins.
Preloading 0 native plugins for Editor in 0.00 ms.
Unloading 1887 Unused Serialized files (Serialized files now loaded: 0)
System memory in use before: 87.0 MB.
System memory in use after: 87.1 MB.

Unloading 6 unused Assets to reduce memory usage. Loaded Objects now: 2448.
Total: 1.902900 ms (FindLiveObjects: 0.242500 ms CreateObjectMapping: 0.097300 ms MarkObjects: 1.512100 ms  DeleteObjects: 0.049900 ms)

========================================================================
Received Prepare
Registering precompiled user dll's ...
Registered in 0.001503 seconds.
Begin MonoManager ReloadAssembly
Native extension for WindowsStandalone target not found
Refreshing native plugins compatible for Editor in 0.35 ms, found 0 plugins.
Preloading 0 native plugins for Editor in 0.00 ms.
Invoked RoslynAnalysisRunner static constructor.
RoslynAnalysisRunner will not be running.
RoslynAnalysisRunner has terminated.
Mono: successfully reloaded assembly
- Completed reload, in  0.838 seconds
Platform modules already initialized, skipping
Refreshing native plugins compatible for Editor in 0.50 ms, found 0 plugins.
Preloading 0 native plugins for Editor in 0.00 ms.
Unloading 1888 Unused Serialized files (Serialized files now loaded: 0)
System memory in use before: 87.1 MB.
System memory in use after: 87.2 MB.

Unloading 6 unused Assets to reduce memory usage. Loaded Objects now: 2451.
Total: 2.418800 ms (FindLiveObjects: 0.318800 ms CreateObjectMapping: 0.128300 ms MarkObjects: 1.917900 ms  DeleteObjects: 0.051700 ms)

========================================================================
Received Prepare
Registering precompiled user dll's ...
Registered in 0.001547 seconds.
Begin MonoManager ReloadAssembly
Native extension for WindowsStandalone target not found
Refreshing native plugins compatible for Editor in 0.35 ms, found 0 plugins.
Preloading 0 native plugins for Editor in 0.00 ms.
Invoked RoslynAnalysisRunner static constructor.
RoslynAnalysisRunner will not be running.
RoslynAnalysisRunner has terminated.
Mono: successfully reloaded assembly
- Completed reload, in  0.983 seconds
Platform modules already initialized, skipping
Refreshing native plugins compatible for Editor in 0.35 ms, found 0 plugins.
Preloading 0 native plugins for Editor in 0.00 ms.
Unloading 1888 Unused Serialized files (Serialized files now loaded: 0)
System memory in use before: 86.9 MB.
System memory in use after: 87.0 MB.

Unloading 6 unused Assets to reduce memory usage. Loaded Objects now: 2453.
Total: 2.080100 ms (FindLiveObjects: 0.359800 ms CreateObjectMapping: 0.116800 ms MarkObjects: 1.549400 ms  DeleteObjects: 0.052700 ms)

========================================================================
Received Prepare
Registering precompiled user dll's ...
Registered in 0.002455 seconds.
Begin MonoManager ReloadAssembly
Native extension for WindowsStandalone target not found
Refreshing native plugins compatible for Editor in 0.35 ms, found 0 plugins.
Preloading 0 native plugins for Editor in 0.00 ms.
Invoked RoslynAnalysisRunner static constructor.
RoslynAnalysisRunner will not be running.
RoslynAnalysisRunner has terminated.
Mono: successfully reloaded assembly
- Completed reload, in  0.837 seconds
Platform modules already initialized, skipping
Refreshing native plugins compatible for Editor in 0.34 ms, found 0 plugins.
Preloading 0 native plugins for Editor in 0.00 ms.
Unloading 1890 Unused Serialized files (Serialized files now loaded: 0)
System memory in use before: 87.2 MB.
System memory in use after: 87.2 MB.

Unloading 6 unused Assets to reduce memory usage. Loaded Objects now: 2457.
Total: 2.117100 ms (FindLiveObjects: 0.209700 ms CreateObjectMapping: 0.086200 ms MarkObjects: 1.762900 ms  DeleteObjects: 0.057200 ms)

========================================================================
Received Import Request.
  Time since last request: 850.012861 seconds.
  path: Assets/BreakableAsteroids/Asteroids
  artifactKey: Guid(7c3d47a4581b96245be6ab3a03dc0717) Importer(815301076,1909f56bfc062723c751e8b465ee728b)
Start importing Assets/BreakableAsteroids/Asteroids using Guid(7c3d47a4581b96245be6ab3a03dc0717) Importer(815301076,1909f56bfc062723c751e8b465ee728b)  -> (artifact id: '9a864c634286ca06797a1ef7d21c57d0') in 0.011804 seconds
  Import took 0.015651 seconds .

========================================================================
Received Import Request.
  Time since last request: 0.084417 seconds.
  path: Assets/BreakableAsteroids/Asteroids/Rock1.prefab
  artifactKey: Guid(a028a9caf7ccf2443a238296ded73a04) Importer(815301076,1909f56bfc062723c751e8b465ee728b)
Start importing Assets/BreakableAsteroids/Asteroids/Rock1.prefab using Guid(a028a9caf7ccf2443a238296ded73a04) Importer(815301076,1909f56bfc062723c751e8b465ee728b)  -> (artifact id: '9181c737c1dfc53eee08bc86761c6b01') in 0.365208 seconds
  Import took 0.369850 seconds .

========================================================================
Received Import Request.
  Time since last request: 0.000316 seconds.
  path: Assets/BreakableAsteroids/Asteroids/Rock8.prefab
  artifactKey: Guid(52e5665ed874ab649afee8d6df0ab38e) Importer(815301076,1909f56bfc062723c751e8b465ee728b)
Start importing Assets/BreakableAsteroids/Asteroids/Rock8.prefab using Guid(52e5665ed874ab649afee8d6df0ab38e) Importer(815301076,1909f56bfc062723c751e8b465ee728b)  -> (artifact id: '4fcde7a6d4f9cc6fdd613edd9f00e428') in 0.048472 seconds
  Import took 0.053083 seconds .

========================================================================
Received Import Request.
  Time since last request: 0.000294 seconds.
  path: Assets/BreakableAsteroids/Asteroids/Rock10.prefab
  artifactKey: Guid(8312a98dccd9dba4ab86a80fa392cfa8) Importer(815301076,1909f56bfc062723c751e8b465ee728b)
Start importing Assets/BreakableAsteroids/Asteroids/Rock10.prefab using Guid(8312a98dccd9dba4ab86a80fa392cfa8) Importer(815301076,1909f56bfc062723c751e8b465ee728b)  -> (artifact id: 'a9b5d735f51194618a4c5cade49d21c5') in 0.038034 seconds
  Import took 0.043691 seconds .

========================================================================
Received Import Request.
  Time since last request: 0.000334 seconds.
  path: Assets/BreakableAsteroids/Asteroids/RockFracture12.prefab
  artifactKey: Guid(16165ff48390af44f993e05c19bac115) Importer(815301076,1909f56bfc062723c751e8b465ee728b)
Start importing Assets/BreakableAsteroids/Asteroids/RockFracture12.prefab using Guid(16165ff48390af44f993e05c19bac115) Importer(815301076,1909f56bfc062723c751e8b465ee728b)  -> (artifact id: '459ef3732957785b31e1b075816b9567') in 0.042225 seconds
  Import took 0.046452 seconds .

========================================================================
Received Import Request.
  Time since last request: 0.000246 seconds.
  path: Assets/BreakableAsteroids/Asteroids/Rock6.prefab
  artifactKey: Guid(a7650c1ce3d21654ebf92d7ebf494bfc) Importer(815301076,1909f56bfc062723c751e8b465ee728b)
Start importing Assets/BreakableAsteroids/Asteroids/Rock6.prefab using Guid(a7650c1ce3d21654ebf92d7ebf494bfc) Importer(815301076,1909f56bfc062723c751e8b465ee728b)  -> (artifact id: '986ee5a5a5ecdd0d4c07ce697116b468') in 0.031801 seconds
  Import took 0.036414 seconds .

========================================================================
Received Import Request.
  Time since last request: 0.000295 seconds.
  path: Assets/BreakableAsteroids/Asteroids/RockFracture9.prefab
  artifactKey: Guid(c03bd4a9c21eff74a8771f8e0d70e711) Importer(815301076,1909f56bfc062723c751e8b465ee728b)
Start importing Assets/BreakableAsteroids/Asteroids/RockFracture9.prefab using Guid(c03bd4a9c21eff74a8771f8e0d70e711) Importer(815301076,1909f56bfc062723c751e8b465ee728b)  -> (artifact id: '6ce68d9ab1b6a02b42f4c5eae301d39f') in 0.047580 seconds
  Import took 0.052933 seconds .

========================================================================
Received Import Request.
  Time since last request: 0.000233 seconds.
  path: Assets/BreakableAsteroids/Asteroids/RockFracture13.prefab
  artifactKey: Guid(b66485824d4da074ca57921ca152d924) Importer(815301076,1909f56bfc062723c751e8b465ee728b)
Start importing Assets/BreakableAsteroids/Asteroids/RockFracture13.prefab using Guid(b66485824d4da074ca57921ca152d924) Importer(815301076,1909f56bfc062723c751e8b465ee728b)  -> (artifact id: '8f9582d9b16d96764c08c7ab306f2760') in 0.042738 seconds
  Import took 0.047370 seconds .

========================================================================
Received Import Request.
  Time since last request: 0.000217 seconds.
  path: Assets/BreakableAsteroids/Asteroids/Rock9.prefab
  artifactKey: Guid(3054692602d6b2c418a430defcc5dca4) Importer(815301076,1909f56bfc062723c751e8b465ee728b)
Start importing Assets/BreakableAsteroids/Asteroids/Rock9.prefab using Guid(3054692602d6b2c418a430defcc5dca4) Importer(815301076,1909f56bfc062723c751e8b465ee728b)  -> (artifact id: 'ed47147ef732626c28964a6d08222966') in 0.032799 seconds
  Import took 0.037362 seconds .

========================================================================
Received Import Request.
  Time since last request: 0.000260 seconds.
  path: Assets/BreakableAsteroids/Asteroids/RockFracture7.prefab
  artifactKey: Guid(3411c56d2afd5af4a8df22b06f9551e3) Importer(815301076,1909f56bfc062723c751e8b465ee728b)
Start importing Assets/BreakableAsteroids/Asteroids/RockFracture7.prefab using Guid(3411c56d2afd5af4a8df22b06f9551e3) Importer(815301076,1909f56bfc062723c751e8b465ee728b)  -> (artifact id: '9b87fda30b89a8140a2addeb55460d66') in 0.044000 seconds
  Import took 0.048117 seconds .

========================================================================
Received Import Request.
  Time since last request: 0.000247 seconds.
  path: Assets/BreakableAsteroids/Asteroids/RockFracture3.prefab
  artifactKey: Guid(0ebf9f1968066d74e9a9f74696085d52) Importer(815301076,1909f56bfc062723c751e8b465ee728b)
Start importing Assets/BreakableAsteroids/Asteroids/RockFracture3.prefab using Guid(0ebf9f1968066d74e9a9f74696085d52) Importer(815301076,1909f56bfc062723c751e8b465ee728b)  -> (artifact id: '21e46e3ee5af74fb41558b8b6aa88e22') in 0.035988 seconds
  Import took 0.040073 seconds .

========================================================================
Received Import Request.
  Time since last request: 0.000329 seconds.
  path: Assets/BreakableAsteroids/Asteroids/RockFracture1.prefab
  artifactKey: Guid(9cb5e7465eef1af4988889e41a071493) Importer(815301076,1909f56bfc062723c751e8b465ee728b)
Start importing Assets/BreakableAsteroids/Asteroids/RockFracture1.prefab using Guid(9cb5e7465eef1af4988889e41a071493) Importer(815301076,1909f56bfc062723c751e8b465ee728b)  -> (artifact id: '2f52411e69729826bbda2fa4dc643047') in 0.035167 seconds
  Import took 0.039304 seconds .

========================================================================
Received Import Request.
  Time since last request: 0.000253 seconds.
  path: Assets/BreakableAsteroids/Asteroids/RockFracture14.prefab
  artifactKey: Guid(a833525238ff43641adecba6d1e74821) Importer(815301076,1909f56bfc062723c751e8b465ee728b)
Start importing Assets/BreakableAsteroids/Asteroids/RockFracture14.prefab using Guid(a833525238ff43641adecba6d1e74821) Importer(815301076,1909f56bfc062723c751e8b465ee728b)  -> (artifact id: '58559cabc1f2c1b4bfb25b49c460a9ee') in 0.036663 seconds
  Import took 0.040368 seconds .

========================================================================
Received Import Request.
  Time since last request: 0.000311 seconds.
  path: Assets/BreakableAsteroids/Asteroids/zasteroids.dae
  artifactKey: Guid(ba8ad55c52432c9458973a60328b3451) Importer(815301076,1909f56bfc062723c751e8b465ee728b)
Start importing Assets/BreakableAsteroids/Asteroids/zasteroids.dae using Guid(ba8ad55c52432c9458973a60328b3451) Importer(815301076,1909f56bfc062723c751e8b465ee728b)  -> (artifact id: 'c50a313b150e234bc68ea0c95568bccd') in 11.735239 seconds
  Import took 11.751543 seconds .

========================================================================
Received Import Request.
  Time since last request: 0.000305 seconds.
  path: Assets/BreakableAsteroids/Textures/Rock012.mat
  artifactKey: Guid(1de1e5504c8db064f85644d27342d50f) Importer(815301076,1909f56bfc062723c751e8b465ee728b)
Start importing Assets/BreakableAsteroids/Textures/Rock012.mat using Guid(1de1e5504c8db064f85644d27342d50f) Importer(815301076,1909f56bfc062723c751e8b465ee728b)  -> (artifact id: 'deebb651133061d54c0c918641c66f9b') in 0.030856 seconds
  Import took 0.033739 seconds .

========================================================================
Received Import Request.
  Time since last request: 0.000393 seconds.
  path: Assets/BreakableAsteroids/Textures/Rock031_2K_AmbientOcclusion.png
  artifactKey: Guid(8f5936068e58f2c4dbcce58bd47c6279) Importer(815301076,1909f56bfc062723c751e8b465ee728b)
Start importing Assets/BreakableAsteroids/Textures/Rock031_2K_AmbientOcclusion.png using Guid(8f5936068e58f2c4dbcce58bd47c6279) Importer(815301076,1909f56bfc062723c751e8b465ee728b)  -> (artifact id: '144c421dbf961fadcce92b32d6cbef3e') in 0.056294 seconds
  Import took 0.059595 seconds .

========================================================================
Received Import Request.
  Time since last request: 0.000281 seconds.
  path: Assets/BreakableAsteroids/Textures/Rock016_2K_AmbientOcclusion.png
  artifactKey: Guid(d4a8235949d36e741be21a7941ec3805) Importer(815301076,1909f56bfc062723c751e8b465ee728b)
Start importing Assets/BreakableAsteroids/Textures/Rock016_2K_AmbientOcclusion.png using Guid(d4a8235949d36e741be21a7941ec3805) Importer(815301076,1909f56bfc062723c751e8b465ee728b)  -> (artifact id: 'f4522e3ac9a5a9334b6f63849fc1b4fe') in 0.012896 seconds
  Import took 0.015546 seconds .

========================================================================
Received Import Request.
  Time since last request: 0.000250 seconds.
  path: Assets/BreakableAsteroids/Textures/Rock035_2K_AmbientOcclusion.png
  artifactKey: Guid(03d993f92e63dd5429d4dd6ca5a5710e) Importer(815301076,1909f56bfc062723c751e8b465ee728b)
Start importing Assets/BreakableAsteroids/Textures/Rock035_2K_AmbientOcclusion.png using Guid(03d993f92e63dd5429d4dd6ca5a5710e) Importer(815301076,1909f56bfc062723c751e8b465ee728b)  -> (artifact id: 'c28aa819a45b48a94ac0f31fc7e1877a') in 0.012793 seconds
  Import took 0.015500 seconds .

========================================================================
Received Import Request.
  Time since last request: 0.000314 seconds.
  path: Assets/BreakableAsteroids/Textures/Rock016_2K_Color.png
  artifactKey: Guid(0a6fc3f5be211db4ab8c33d1dc17021f) Importer(815301076,1909f56bfc062723c751e8b465ee728b)
Start importing Assets/BreakableAsteroids/Textures/Rock016_2K_Color.png using Guid(0a6fc3f5be211db4ab8c33d1dc17021f) Importer(815301076,1909f56bfc062723c751e8b465ee728b)  -> (artifact id: '990c56002041faa3d21174fe2aefcb1e') in 0.013707 seconds
  Import took 0.016420 seconds .

========================================================================
Received Import Request.
  Time since last request: 0.000245 seconds.
  path: Assets/BreakableAsteroids/Textures/Rock012_2K_Roughness.png
  artifactKey: Guid(224dfcdaa07c639449f4dbf0cb67263e) Importer(815301076,1909f56bfc062723c751e8b465ee728b)
Start importing Assets/BreakableAsteroids/Textures/Rock012_2K_Roughness.png using Guid(224dfcdaa07c639449f4dbf0cb67263e) Importer(815301076,1909f56bfc062723c751e8b465ee728b)  -> (artifact id: 'a6b1d01a190f6fc64d62038347aca079') in 0.014016 seconds
  Import took 0.017177 seconds .

========================================================================
Received Import Request.
  Time since last request: 0.000243 seconds.
  path: Assets/BreakableAsteroids/Textures/Rock014_2K_Color.png
  artifactKey: Guid(cbc0078cab60ea14a8567e16c3ca31c7) Importer(815301076,1909f56bfc062723c751e8b465ee728b)
Start importing Assets/BreakableAsteroids/Textures/Rock014_2K_Color.png using Guid(cbc0078cab60ea14a8567e16c3ca31c7) Importer(815301076,1909f56bfc062723c751e8b465ee728b)  -> (artifact id: 'cc8ba2795719ce9cc57aca8fefa1a6d8') in 0.018359 seconds
  Import took 0.021553 seconds .

========================================================================
Received Import Request.
  Time since last request: 0.000268 seconds.
  path: Assets/BreakableAsteroids/Asteroids/RockFracture6.prefab
  artifactKey: Guid(a024271adb4d00a43904106a318d260c) Importer(815301076,1909f56bfc062723c751e8b465ee728b)
Start importing Assets/BreakableAsteroids/Asteroids/RockFracture6.prefab using Guid(a024271adb4d00a43904106a318d260c) Importer(815301076,1909f56bfc062723c751e8b465ee728b)  -> (artifact id: '8121830898188098754851bfcff5b417') in 0.038617 seconds
  Import took 0.043363 seconds .

========================================================================
Received Import Request.
  Time since last request: 0.000325 seconds.
  path: Assets/BreakableAsteroids/Textures/Rock031_2K_Normal.png
  artifactKey: Guid(16d7bc718d299224f81fbac8aeeca7ed) Importer(815301076,1909f56bfc062723c751e8b465ee728b)
Start importing Assets/BreakableAsteroids/Textures/Rock031_2K_Normal.png using Guid(16d7bc718d299224f81fbac8aeeca7ed) Importer(815301076,1909f56bfc062723c751e8b465ee728b)  -> (artifact id: '961c613b71aff2554eed510c4961f284') in 0.019729 seconds
  Import took 0.022604 seconds .

========================================================================
Received Import Request.
  Time since last request: 0.000236 seconds.
  path: Assets/BreakableAsteroids/Asteroids/Rock14.prefab
  artifactKey: Guid(ec4c29675987e87429aeec5e4e93fc5f) Importer(815301076,1909f56bfc062723c751e8b465ee728b)
Start importing Assets/BreakableAsteroids/Asteroids/Rock14.prefab using Guid(ec4c29675987e87429aeec5e4e93fc5f) Importer(815301076,1909f56bfc062723c751e8b465ee728b)  -> (artifact id: '684ac462483fa1b6cb66f29f0ebdc3d1') in 0.037041 seconds
  Import took 0.041899 seconds .

========================================================================
Received Import Request.
  Time since last request: 0.031502 seconds.
  path: Assets/BreakableAsteroids/Textures/Rock033_2K_Color.png
  artifactKey: Guid(f655864df9290e545b0f533a110c29cf) Importer(815301076,1909f56bfc062723c751e8b465ee728b)
Start importing Assets/BreakableAsteroids/Textures/Rock033_2K_Color.png using Guid(f655864df9290e545b0f533a110c29cf) Importer(815301076,1909f56bfc062723c751e8b465ee728b)  -> (artifact id: '87cc8c464f09696d1c90f449d4c08f30') in 0.014907 seconds
  Import took 0.018232 seconds .

========================================================================
Received Import Request.
  Time since last request: 0.000265 seconds.
  path: Assets/BreakableAsteroids/Textures/Rock035_2K_Normal.png
  artifactKey: Guid(f1a35e1279b34db45ba32be74c01edf3) Importer(815301076,1909f56bfc062723c751e8b465ee728b)
Start importing Assets/BreakableAsteroids/Textures/Rock035_2K_Normal.png using Guid(f1a35e1279b34db45ba32be74c01edf3) Importer(815301076,1909f56bfc062723c751e8b465ee728b)  -> (artifact id: '7610b1b2b0b995e8c59720a8ba22a75d') in 0.036124 seconds
  Import took 0.039679 seconds .

========================================================================
Received Import Request.
  Time since last request: 0.000322 seconds.
  path: Assets/BreakableAsteroids/Textures/Rock35.mat
  artifactKey: Guid(d0af10acfa627ee42bcdb2675b1ff396) Importer(815301076,1909f56bfc062723c751e8b465ee728b)
Start importing Assets/BreakableAsteroids/Textures/Rock35.mat using Guid(d0af10acfa627ee42bcdb2675b1ff396) Importer(815301076,1909f56bfc062723c751e8b465ee728b)  -> (artifact id: 'c6337121cea6d68f5c18db3627785e4e') in 0.026863 seconds
  Import took 0.029747 seconds .

========================================================================
Received Import Request.
  Time since last request: 0.000260 seconds.
  path: Assets/BreakableAsteroids/Textures/Rock035_2K_Displacement.png
  artifactKey: Guid(25c8e123ef5f9af4ba9d2f6101cdf066) Importer(815301076,1909f56bfc062723c751e8b465ee728b)
Start importing Assets/BreakableAsteroids/Textures/Rock035_2K_Displacement.png using Guid(25c8e123ef5f9af4ba9d2f6101cdf066) Importer(815301076,1909f56bfc062723c751e8b465ee728b)  -> (artifact id: 'f00087d62471aade9e7c358d9dae2b96') in 0.016126 seconds
  Import took 0.018916 seconds .

========================================================================
Received Import Request.
  Time since last request: 0.000306 seconds.
  path: Assets/BreakableAsteroids/Textures/Rock033_2K_Normal.png
  artifactKey: Guid(2e032f9af0c43c541b2e123e972e533a) Importer(815301076,1909f56bfc062723c751e8b465ee728b)
Start importing Assets/BreakableAsteroids/Textures/Rock033_2K_Normal.png using Guid(2e032f9af0c43c541b2e123e972e533a) Importer(815301076,1909f56bfc062723c751e8b465ee728b)  -> (artifact id: '791f04e94052459f11cc165430ecce98') in 0.024416 seconds
  Import took 0.027314 seconds .

========================================================================
Received Import Request.
  Time since last request: 0.000294 seconds.
  path: Assets/BreakableAsteroids/Textures/Rock035_2K_Color.png
  artifactKey: Guid(dbd08748d8b36c64092ab3887ad4ae09) Importer(815301076,1909f56bfc062723c751e8b465ee728b)
Start importing Assets/BreakableAsteroids/Textures/Rock035_2K_Color.png using Guid(dbd08748d8b36c64092ab3887ad4ae09) Importer(815301076,1909f56bfc062723c751e8b465ee728b)  -> (artifact id: '485014787eb6e99d9f69db7854039106') in 0.018637 seconds
  Import took 0.021569 seconds .

========================================================================
Received Import Request.
  Time since last request: 0.000248 seconds.
  path: Assets/BreakableAsteroids/Textures/Rock033_2K_Displacement.png
  artifactKey: Guid(bf2122a3337044447be0e1b9ce683af5) Importer(815301076,1909f56bfc062723c751e8b465ee728b)
Start importing Assets/BreakableAsteroids/Textures/Rock033_2K_Displacement.png using Guid(bf2122a3337044447be0e1b9ce683af5) Importer(815301076,1909f56bfc062723c751e8b465ee728b)  -> (artifact id: 'd8d1b0d68f65db12dd5647200d137d95') in 0.021977 seconds
  Import took 0.025659 seconds .

========================================================================
Received Import Request.
  Time since last request: 0.000300 seconds.
  path: Assets/BreakableAsteroids/Textures/Rock033_2K_Roughness.png
  artifactKey: Guid(8746e6f41a3fd284abc47211a7972ce8) Importer(815301076,1909f56bfc062723c751e8b465ee728b)
Start importing Assets/BreakableAsteroids/Textures/Rock033_2K_Roughness.png using Guid(8746e6f41a3fd284abc47211a7972ce8) Importer(815301076,1909f56bfc062723c751e8b465ee728b)  -> (artifact id: 'c2f710f2c95b4500fd4fcfe75e2a8b09') in 0.022086 seconds
  Import took 0.025007 seconds .

========================================================================
Received Import Request.
  Time since last request: 0.000243 seconds.
  path: Assets/BreakableAsteroids/Textures/Rock035_2K_Roughness.png
  artifactKey: Guid(3aa71d5a25fcf2d4c8ecdb25f2deb5d4) Importer(815301076,1909f56bfc062723c751e8b465ee728b)
Start importing Assets/BreakableAsteroids/Textures/Rock035_2K_Roughness.png using Guid(3aa71d5a25fcf2d4c8ecdb25f2deb5d4) Importer(815301076,1909f56bfc062723c751e8b465ee728b)  -> (artifact id: 'bc5bfe7cd08e0d1f675ce9aba65ea376') in 0.019811 seconds
  Import took 0.023647 seconds .

========================================================================
Received Import Request.
  Time since last request: 0.003926 seconds.
  path: Assets/BreakableAsteroids/Textures/Rock035_2K_Roughness.png
  artifactKey: Guid(3aa71d5a25fcf2d4c8ecdb25f2deb5d4) Importer(815301076,1909f56bfc062723c751e8b465ee728b)
Start importing Assets/BreakableAsteroids/Textures/Rock035_2K_Roughness.png using Guid(3aa71d5a25fcf2d4c8ecdb25f2deb5d4) Importer(815301076,1909f56bfc062723c751e8b465ee728b)  -> (artifact id: 'bc5bfe7cd08e0d1f675ce9aba65ea376') in 0.012025 seconds
  Import took 0.016037 seconds .

========================================================================
Received Import Request.
  Time since last request: 1.142407 seconds.
  path: Assets/BreakableAsteroids/Textures/Rock016_2K_Roughness.png
  artifactKey: Guid(82ad2f9f41b585042a2f98827c22fc7d) Importer(815301076,1909f56bfc062723c751e8b465ee728b)
Start importing Assets/BreakableAsteroids/Textures/Rock016_2K_Roughness.png using Guid(82ad2f9f41b585042a2f98827c22fc7d) Importer(815301076,1909f56bfc062723c751e8b465ee728b)  -> (artifact id: 'e5584ef7f6de0e560eabee1d4a978c17') in 0.014453 seconds
  Import took 0.017637 seconds .

========================================================================
Received Import Request.
  Time since last request: 0.000341 seconds.
  path: Assets/BreakableAsteroids/Textures/Rock031_2K_Displacement.png
  artifactKey: Guid(8cca6f180141237468a0b459b4766874) Importer(815301076,1909f56bfc062723c751e8b465ee728b)
Start importing Assets/BreakableAsteroids/Textures/Rock031_2K_Displacement.png using Guid(8cca6f180141237468a0b459b4766874) Importer(815301076,1909f56bfc062723c751e8b465ee728b)  -> (artifact id: 'dd025e668d0dddb5734deb270acb5688') in 0.015979 seconds
  Import took 0.019487 seconds .

========================================================================
Received Import Request.
  Time since last request: 0.000362 seconds.
  path: Assets/BreakableAsteroids/Textures/Rock33.mat
  artifactKey: Guid(a3c7d8a6513dbd14ab14a6d6a2bbe488) Importer(815301076,1909f56bfc062723c751e8b465ee728b)
Start importing Assets/BreakableAsteroids/Textures/Rock33.mat using Guid(a3c7d8a6513dbd14ab14a6d6a2bbe488) Importer(815301076,1909f56bfc062723c751e8b465ee728b)  -> (artifact id: '59af6d1d596630f082639a920586637b') in 0.023924 seconds
  Import took 0.027642 seconds .

========================================================================
Received Import Request.
  Time since last request: 0.000253 seconds.
  path: Assets/BreakableAsteroids/Textures/Rock016_2K_Normal.png
  artifactKey: Guid(755c5bc66e0a30943bead50cb21f617a) Importer(815301076,1909f56bfc062723c751e8b465ee728b)
Start importing Assets/BreakableAsteroids/Textures/Rock016_2K_Normal.png using Guid(755c5bc66e0a30943bead50cb21f617a) Importer(815301076,1909f56bfc062723c751e8b465ee728b)  -> (artifact id: '2cdc95d814d990fa4de4f642c8f0edd7') in 0.019404 seconds
  Import took 0.023134 seconds .

========================================================================
Received Import Request.
  Time since last request: 0.000325 seconds.
  path: Assets/BreakableAsteroids/Textures/Rock016_2K_Displacement.png
  artifactKey: Guid(940acacf72300714fb089c5c6576b230) Importer(815301076,1909f56bfc062723c751e8b465ee728b)
Start importing Assets/BreakableAsteroids/Textures/Rock016_2K_Displacement.png using Guid(940acacf72300714fb089c5c6576b230) Importer(815301076,1909f56bfc062723c751e8b465ee728b)  -> (artifact id: '31ef4f95fcc60cdf0a073cb177ffb195') in 0.014237 seconds
  Import took 0.017531 seconds .

========================================================================
Received Import Request.
  Time since last request: 0.000282 seconds.
  path: Assets/BreakableAsteroids/Textures/Rock014_2K_Displacement.png
  artifactKey: Guid(54c7d1396a5cf344598f1f0ff1a5b45b) Importer(815301076,1909f56bfc062723c751e8b465ee728b)
Start importing Assets/BreakableAsteroids/Textures/Rock014_2K_Displacement.png using Guid(54c7d1396a5cf344598f1f0ff1a5b45b) Importer(815301076,1909f56bfc062723c751e8b465ee728b)  -> (artifact id: '623f5f382e98625cbb0491b8f59c7131') in 0.013296 seconds
  Import took 0.016722 seconds .

========================================================================
Received Import Request.
  Time since last request: 0.000291 seconds.
  path: Assets/BreakableAsteroids/Textures/Rock014_2K_Normal.png
  artifactKey: Guid(34ce7d3b9007e8845be18ad0c7464e54) Importer(815301076,1909f56bfc062723c751e8b465ee728b)
Start importing Assets/BreakableAsteroids/Textures/Rock014_2K_Normal.png using Guid(34ce7d3b9007e8845be18ad0c7464e54) Importer(815301076,1909f56bfc062723c751e8b465ee728b)  -> (artifact id: '764d58c764c19c1bb12f90dc970cd8c4') in 0.017246 seconds
  Import took 0.020363 seconds .

========================================================================
Received Import Request.
  Time since last request: 0.000308 seconds.
  path: Assets/BreakableAsteroids/Textures/Rock031_2K_Color.png
  artifactKey: Guid(6684ead705837604ea03888dbd495a82) Importer(815301076,1909f56bfc062723c751e8b465ee728b)
Start importing Assets/BreakableAsteroids/Textures/Rock031_2K_Color.png using Guid(6684ead705837604ea03888dbd495a82) Importer(815301076,1909f56bfc062723c751e8b465ee728b)  -> (artifact id: '44e2ea6f323837bab3fe4a7b54260591') in 0.014141 seconds
  Import took 0.017894 seconds .

========================================================================
Received Import Request.
  Time since last request: 0.000241 seconds.
  path: Assets/BreakableAsteroids/Textures/Rock033_2K_AmbientOcclusion.png
  artifactKey: Guid(9d9b8e10bd38dd74c94cd1f3f7820ebe) Importer(815301076,1909f56bfc062723c751e8b465ee728b)
Start importing Assets/BreakableAsteroids/Textures/Rock033_2K_AmbientOcclusion.png using Guid(9d9b8e10bd38dd74c94cd1f3f7820ebe) Importer(815301076,1909f56bfc062723c751e8b465ee728b)  -> (artifact id: 'e9aa97a96d602ff3a8f892bcad063b6b') in 0.016403 seconds
  Import took 0.019549 seconds .

========================================================================
Received Import Request.
  Time since last request: 0.000268 seconds.
  path: Assets/BreakableAsteroids/Textures/Rock031_2K_Roughness.png
  artifactKey: Guid(e85c2696c3ed2d740b9d04b61264b3c7) Importer(815301076,1909f56bfc062723c751e8b465ee728b)
Start importing Assets/BreakableAsteroids/Textures/Rock031_2K_Roughness.png using Guid(e85c2696c3ed2d740b9d04b61264b3c7) Importer(815301076,1909f56bfc062723c751e8b465ee728b)  -> (artifact id: 'f72f29a18dcd2f27c131d8160fbc7e22') in 0.013707 seconds
  Import took 0.016575 seconds .

========================================================================
Received Import Request.
  Time since last request: 0.000255 seconds.
  path: Assets/BreakableAsteroids/Textures/Rock31.mat
  artifactKey: Guid(691b598e097e6f345b4aaad4d21eb87b) Importer(815301076,1909f56bfc062723c751e8b465ee728b)
Start importing Assets/BreakableAsteroids/Textures/Rock31.mat using Guid(691b598e097e6f345b4aaad4d21eb87b) Importer(815301076,1909f56bfc062723c751e8b465ee728b)  -> (artifact id: '11d77206c2f2a6e0a4d4c2fda71c8215') in 0.019984 seconds
  Import took 0.023409 seconds .

========================================================================
Received Import Request.
  Time since last request: 0.000327 seconds.
  path: Assets/BreakableAsteroids/Textures/Rock16.mat
  artifactKey: Guid(22021ecd684891549a9889fa0e221d21) Importer(815301076,1909f56bfc062723c751e8b465ee728b)
Start importing Assets/BreakableAsteroids/Textures/Rock16.mat using Guid(22021ecd684891549a9889fa0e221d21) Importer(815301076,1909f56bfc062723c751e8b465ee728b)  -> (artifact id: '2bfed6b886a0fee8856f1a822d49b758') in 0.021036 seconds
  Import took 0.025227 seconds .

========================================================================
Received Import Request.
  Time since last request: 0.000249 seconds.
  path: Assets/BreakableAsteroids/Textures/Rock014_2K_Roughness.png
  artifactKey: Guid(610fdbfa9d42ed746be6d9713a94666b) Importer(815301076,1909f56bfc062723c751e8b465ee728b)
Start importing Assets/BreakableAsteroids/Textures/Rock014_2K_Roughness.png using Guid(610fdbfa9d42ed746be6d9713a94666b) Importer(815301076,1909f56bfc062723c751e8b465ee728b)  -> (artifact id: 'f024163d224e44ffe1e6daa104bf364b') in 0.015724 seconds
  Import took 0.018982 seconds .

========================================================================
Received Import Request.
  Time since last request: 0.900171 seconds.
  path: Assets/BreakableAsteroids/Textures/Ground.mat
  artifactKey: Guid(4a36efe8143d87d448f5620e76892efb) Importer(815301076,1909f56bfc062723c751e8b465ee728b)
Start importing Assets/BreakableAsteroids/Textures/Ground.mat using Guid(4a36efe8143d87d448f5620e76892efb) Importer(815301076,1909f56bfc062723c751e8b465ee728b)  -> (artifact id: '63ee61f75a1de0e6189b4e87089e65f7') in 0.196021 seconds
  Import took 0.200052 seconds .

========================================================================
Received Import Request.
  Time since last request: 0.000300 seconds.
  path: Assets/BreakableAsteroids/Textures/Rock014_2K_AmbientOcclusion.png
  artifactKey: Guid(f505150516364d4429e35f4c629abf7c) Importer(815301076,1909f56bfc062723c751e8b465ee728b)
Start importing Assets/BreakableAsteroids/Textures/Rock014_2K_AmbientOcclusion.png using Guid(f505150516364d4429e35f4c629abf7c) Importer(815301076,1909f56bfc062723c751e8b465ee728b)  -> (artifact id: 'e5d0e45c8be96bcd3a182e73ccdee54e') in 0.016596 seconds
  Import took 0.019815 seconds .

========================================================================
Received Import Request.
  Time since last request: 0.000278 seconds.
  path: Assets/BreakableAsteroids/Textures/Rock14.mat
  artifactKey: Guid(08ccb3cdd65876c43a94da0419a284e1) Importer(815301076,1909f56bfc062723c751e8b465ee728b)
Start importing Assets/BreakableAsteroids/Textures/Rock14.mat using Guid(08ccb3cdd65876c43a94da0419a284e1) Importer(815301076,1909f56bfc062723c751e8b465ee728b)  -> (artifact id: '018efcbda36e416ca937dde4851e0c53') in 0.030141 seconds
  Import took 0.033917 seconds .

========================================================================
Received Import Request.
  Time since last request: 0.000299 seconds.
  path: Assets/BreakableAsteroids/Textures/Rock012_2K_AmbientOcclusion.png
  artifactKey: Guid(174d347ed66a2174ead88e40da80a545) Importer(815301076,1909f56bfc062723c751e8b465ee728b)
Start importing Assets/BreakableAsteroids/Textures/Rock012_2K_AmbientOcclusion.png using Guid(174d347ed66a2174ead88e40da80a545) Importer(815301076,1909f56bfc062723c751e8b465ee728b)  -> (artifact id: '74d56b10c058c76c697a7de68dec12cd') in 0.019475 seconds
  Import took 0.023655 seconds .

========================================================================
Received Import Request.
  Time since last request: 0.000330 seconds.
  path: Assets/BreakableAsteroids/Textures/Rock012_2K_Displacement.png
  artifactKey: Guid(f2c28c4b753efd24e87098e8aee49129) Importer(815301076,1909f56bfc062723c751e8b465ee728b)
Start importing Assets/BreakableAsteroids/Textures/Rock012_2K_Displacement.png using Guid(f2c28c4b753efd24e87098e8aee49129) Importer(815301076,1909f56bfc062723c751e8b465ee728b)  -> (artifact id: '0dfe6ecd984d9c0bf39018f9e9a1932a') in 0.018506 seconds
  Import took 0.022162 seconds .

========================================================================
Received Import Request.
  Time since last request: 0.000254 seconds.
  path: Assets/BreakableAsteroids/Textures/Rock012_2K_Color.png
  artifactKey: Guid(97af8ac2e59e61e4ca5a821005374c9a) Importer(815301076,1909f56bfc062723c751e8b465ee728b)
Start importing Assets/BreakableAsteroids/Textures/Rock012_2K_Color.png using Guid(97af8ac2e59e61e4ca5a821005374c9a) Importer(815301076,1909f56bfc062723c751e8b465ee728b)  -> (artifact id: '837eca93ebfb5ba86c2f5b60708950e0') in 0.017168 seconds
  Import took 0.019962 seconds .

========================================================================
Received Import Request.
  Time since last request: 0.000245 seconds.
  path: Assets/BreakableAsteroids/Textures/Rock012_2K_Normal.png
  artifactKey: Guid(73416d68f23597642b186dfdef9a6953) Importer(815301076,1909f56bfc062723c751e8b465ee728b)
Start importing Assets/BreakableAsteroids/Textures/Rock012_2K_Normal.png using Guid(73416d68f23597642b186dfdef9a6953) Importer(815301076,1909f56bfc062723c751e8b465ee728b)  -> (artifact id: '2470a5e7d66c1567915443f2e1ae6867') in 0.016482 seconds
  Import took 0.020525 seconds .

========================================================================
Received Import Request.
  Time since last request: 3.565555 seconds.
  path: Assets/#OnePotatoKingdom_FULL/Bonus_Assets
  artifactKey: Guid(7b9bcc00eef054142908d08c462a1964) Importer(815301076,1909f56bfc062723c751e8b465ee728b)
Start importing Assets/#OnePotatoKingdom_FULL/Bonus_Assets using Guid(7b9bcc00eef054142908d08c462a1964) Importer(815301076,1909f56bfc062723c751e8b465ee728b)  -> (artifact id: 'd6a81bc04ce85f8decf41e90ad9f9e1d') in 0.007620 seconds
  Import took 0.010597 seconds .

========================================================================
Received Import Request.
  Time since last request: 0.682511 seconds.
  path: Assets/#OnePotatoKingdom_FULL/Bonus_Assets/Rotation_Script
  artifactKey: Guid(afc10f860c692a44d8e9b14c87dd83a7) Importer(815301076,1909f56bfc062723c751e8b465ee728b)
Start importing Assets/#OnePotatoKingdom_FULL/Bonus_Assets/Rotation_Script using Guid(afc10f860c692a44d8e9b14c87dd83a7) Importer(815301076,1909f56bfc062723c751e8b465ee728b)  -> (artifact id: '920e22b55259b5ad45dfcaa7b794880f') in 0.006662 seconds
  Import took 0.009637 seconds .

